Copyright 1986-2022 Xilinx, Inc. All Rights Reserved. Copyright 2022-2023 Advanced Micro Devices, Inc. All Rights Reserved.
---------------------------------------------------------------------------------------------------------------------------------------------------------------------------------------------------------------------------
| Tool Version : Vivado v.2023.1 (win64) Build 3865809 Sun May  7 15:05:29 MDT 2023
| Date         : Sat Jul  8 05:41:25 2023
| Host         : DESKTOP-J1PNU36 running 64-bit major release  (build 9200)
| Command      : report_timing_summary -max_paths 10 -report_unconstrained -file Comparador_timing_summary_routed.rpt -pb Comparador_timing_summary_routed.pb -rpx Comparador_timing_summary_routed.rpx -warn_on_violation
| Design       : Comparador
| Device       : 7a35t-cpg236
| Speed File   : -1  PRODUCTION 1.23 2018-06-13
| Design State : Routed
---------------------------------------------------------------------------------------------------------------------------------------------------------------------------------------------------------------------------

Timing Summary Report

------------------------------------------------------------------------------------------------
| Timer Settings
| --------------
------------------------------------------------------------------------------------------------

  Enable Multi Corner Analysis               :  Yes
  Enable Pessimism Removal                   :  Yes
  Pessimism Removal Resolution               :  Nearest Common Node
  Enable Input Delay Default Clock           :  No
  Enable Preset / Clear Arcs                 :  No
  Disable Flight Delays                      :  No
  Ignore I/O Paths                           :  No
  Timing Early Launch at Borrowing Latches   :  No
  Borrow Time for Max Delay Exceptions       :  Yes
  Merge Timing Exceptions                    :  Yes

  Corner  Analyze    Analyze    
  Name    Max Paths  Min Paths  
  ------  ---------  ---------  
  Slow    Yes        Yes        
  Fast    Yes        Yes        


------------------------------------------------------------------------------------------------
| Report Methodology
| ------------------
------------------------------------------------------------------------------------------------

No report available as report_methodology has not been run prior. Run report_methodology on the current design for the summary of methodology violations.



check_timing report

Table of Contents
-----------------
1. checking no_clock (0)
2. checking constant_clock (0)
3. checking pulse_width_clock (0)
4. checking unconstrained_internal_endpoints (0)
5. checking no_input_delay (0)
6. checking no_output_delay (0)
7. checking multiple_clock (0)
8. checking generated_clocks (0)
9. checking loops (0)
10. checking partial_input_delay (0)
11. checking partial_output_delay (0)
12. checking latch_loops (0)

1. checking no_clock (0)
------------------------
 There are 0 register/latch pins with no clock.


2. checking constant_clock (0)
------------------------------
 There are 0 register/latch pins with constant_clock.


3. checking pulse_width_clock (0)
---------------------------------
 There are 0 register/latch pins which need pulse_width check


4. checking unconstrained_internal_endpoints (0)
------------------------------------------------
 There are 0 pins that are not constrained for maximum delay.

 There are 0 pins that are not constrained for maximum delay due to constant clock.


5. checking no_input_delay (0)
------------------------------
 There are 0 input ports with no input delay specified.

 There are 0 input ports with no input delay but user has a false path constraint.


6. checking no_output_delay (0)
-------------------------------
 There are 0 ports with no output delay specified.

 There are 0 ports with no output delay but user has a false path constraint

 There are 0 ports with no output delay but with a timing clock defined on it or propagating through it


7. checking multiple_clock (0)
------------------------------
 There are 0 register/latch pins with multiple clocks.


8. checking generated_clocks (0)
--------------------------------
 There are 0 generated clocks that are not connected to a clock source.


9. checking loops (0)
---------------------
 There are 0 combinational loops in the design.


10. checking partial_input_delay (0)
------------------------------------
 There are 0 input ports with partial input delay specified.


11. checking partial_output_delay (0)
-------------------------------------
 There are 0 ports with partial output delay specified.


12. checking latch_loops (0)
----------------------------
 There are 0 combinational latch loops in the design through latch input



------------------------------------------------------------------------------------------------
| Design Timing Summary
| ---------------------
------------------------------------------------------------------------------------------------

    WNS(ns)      TNS(ns)  TNS Failing Endpoints  TNS Total Endpoints      WHS(ns)      THS(ns)  THS Failing Endpoints  THS Total Endpoints     WPWS(ns)     TPWS(ns)  TPWS Failing Endpoints  TPWS Total Endpoints  
    -------      -------  ---------------------  -------------------      -------      -------  ---------------------  -------------------     --------     --------  ----------------------  --------------------  
        inf        0.000                      0                    3          inf        0.000                      0                    3           NA           NA                      NA                    NA  


There are no user specified timing constraints.


------------------------------------------------------------------------------------------------
| Clock Summary
| -------------
------------------------------------------------------------------------------------------------


------------------------------------------------------------------------------------------------
| Intra Clock Table
| -----------------
------------------------------------------------------------------------------------------------

Clock             WNS(ns)      TNS(ns)  TNS Failing Endpoints  TNS Total Endpoints      WHS(ns)      THS(ns)  THS Failing Endpoints  THS Total Endpoints     WPWS(ns)     TPWS(ns)  TPWS Failing Endpoints  TPWS Total Endpoints  
-----             -------      -------  ---------------------  -------------------      -------      -------  ---------------------  -------------------     --------     --------  ----------------------  --------------------  


------------------------------------------------------------------------------------------------
| Inter Clock Table
| -----------------
------------------------------------------------------------------------------------------------

From Clock    To Clock          WNS(ns)      TNS(ns)  TNS Failing Endpoints  TNS Total Endpoints      WHS(ns)      THS(ns)  THS Failing Endpoints  THS Total Endpoints  
----------    --------          -------      -------  ---------------------  -------------------      -------      -------  ---------------------  -------------------  


------------------------------------------------------------------------------------------------
| Other Path Groups Table
| -----------------------
------------------------------------------------------------------------------------------------

Path Group    From Clock    To Clock          WNS(ns)      TNS(ns)  TNS Failing Endpoints  TNS Total Endpoints      WHS(ns)      THS(ns)  THS Failing Endpoints  THS Total Endpoints  
----------    ----------    --------          -------      -------  ---------------------  -------------------      -------      -------  ---------------------  -------------------  


------------------------------------------------------------------------------------------------
| User Ignored Path Table
| -----------------------
------------------------------------------------------------------------------------------------

Path Group    From Clock    To Clock    
----------    ----------    --------    


------------------------------------------------------------------------------------------------
| Unconstrained Path Table
| ------------------------
------------------------------------------------------------------------------------------------

Path Group    From Clock    To Clock    
----------    ----------    --------    
(none)                                    


------------------------------------------------------------------------------------------------
| Timing Details
| --------------
------------------------------------------------------------------------------------------------


--------------------------------------------------------------------------------------
Path Group:  (none)
From Clock:  
  To Clock:  

Max Delay             3 Endpoints
Min Delay             3 Endpoints
--------------------------------------------------------------------------------------


Max Delay Paths
--------------------------------------------------------------------------------------
Slack:                    inf
  Source:                 EntradaB[2]
                            (input port)
  Destination:            SalidaMayor
                            (output port)
  Path Group:             (none)
  Path Type:              Max at Slow Process Corner
  Data Path Delay:        13.851ns  (logic 6.016ns (43.432%)  route 7.835ns (56.568%))
  Logic Levels:           5  (CARRY4=1 IBUF=1 LUT2=1 LUT4=1 OBUF=1)

    Location             Delay type                Incr(ns)  Path(ns)    Netlist Resource(s)
  -------------------------------------------------------------------    -------------------
    T2                                                0.000     0.000 r  EntradaB[2] (IN)
                         net (fo=0)                   0.000     0.000    EntradaB[2]
    T2                   IBUF (Prop_ibuf_I_O)         1.458     1.458 r  EntradaB_IBUF[2]_inst/O
                         net (fo=5, routed)           4.231     5.689    EntradaB_IBUF[2]
    SLICE_X1Y17          LUT4 (Prop_lut4_I1_O)        0.124     5.813 r  SalidaMayor_OBUF_inst_i_9/O
                         net (fo=1, routed)           0.000     5.813    SalidaMayor_OBUF_inst_i_9_n_0
    SLICE_X1Y17          CARRY4 (Prop_carry4_S[1]_CO[3])
                                                      0.550     6.363 r  SalidaMayor_OBUF_inst_i_2/CO[3]
                         net (fo=2, routed)           0.964     7.327    SalidaMayor0
    SLICE_X0Y17          LUT2 (Prop_lut2_I0_O)        0.152     7.479 r  SalidaMayor_OBUF_inst_i_1/O
                         net (fo=1, routed)           2.639    10.119    SalidaMayor_OBUF
    E19                  OBUF (Prop_obuf_I_O)         3.732    13.851 r  SalidaMayor_OBUF_inst/O
                         net (fo=0)                   0.000    13.851    SalidaMayor
    E19                                                               r  SalidaMayor (OUT)
  -------------------------------------------------------------------    -------------------

Slack:                    inf
  Source:                 EntradaB[3]
                            (input port)
  Destination:            SalidaMenor
                            (output port)
  Path Group:             (none)
  Path Type:              Max at Slow Process Corner
  Data Path Delay:        12.764ns  (logic 5.763ns (45.147%)  route 7.002ns (54.853%))
  Logic Levels:           5  (CARRY4=1 IBUF=1 LUT3=1 LUT4=1 OBUF=1)

    Location             Delay type                Incr(ns)  Path(ns)    Netlist Resource(s)
  -------------------------------------------------------------------    -------------------
    R3                                                0.000     0.000 r  EntradaB[3] (IN)
                         net (fo=0)                   0.000     0.000    EntradaB[3]
    R3                   IBUF (Prop_ibuf_I_O)         1.464     1.464 r  EntradaB_IBUF[3]_inst/O
                         net (fo=5, routed)           4.395     5.859    EntradaB_IBUF[3]
    SLICE_X1Y16          LUT4 (Prop_lut4_I2_O)        0.124     5.983 r  SalidaMenor_OBUF_inst_i_9/O
                         net (fo=1, routed)           0.000     5.983    SalidaMenor_OBUF_inst_i_9_n_0
    SLICE_X1Y16          CARRY4 (Prop_carry4_S[1]_CO[3])
                                                      0.550     6.533 r  SalidaMenor_OBUF_inst_i_2/CO[3]
                         net (fo=1, routed)           0.895     7.428    SalidaMenor0
    SLICE_X0Y17          LUT3 (Prop_lut3_I1_O)        0.124     7.552 r  SalidaMenor_OBUF_inst_i_1/O
                         net (fo=1, routed)           1.712     9.264    SalidaMenor_OBUF
    U19                  OBUF (Prop_obuf_I_O)         3.501    12.764 r  SalidaMenor_OBUF_inst/O
                         net (fo=0)                   0.000    12.764    SalidaMenor
    U19                                                               r  SalidaMenor (OUT)
  -------------------------------------------------------------------    -------------------

Slack:                    inf
  Source:                 EntradaB[4]
                            (input port)
  Destination:            SalidaIgual
                            (output port)
  Path Group:             (none)
  Path Type:              Max at Slow Process Corner
  Data Path Delay:        12.439ns  (logic 5.221ns (41.977%)  route 7.217ns (58.023%))
  Logic Levels:           4  (IBUF=1 LUT4=1 LUT5=1 OBUF=1)

    Location             Delay type                Incr(ns)  Path(ns)    Netlist Resource(s)
  -------------------------------------------------------------------    -------------------
    W2                                                0.000     0.000 r  EntradaB[4] (IN)
                         net (fo=0)                   0.000     0.000    EntradaB[4]
    W2                   IBUF (Prop_ibuf_I_O)         1.469     1.469 r  EntradaB_IBUF[4]_inst/O
                         net (fo=5, routed)           3.895     5.363    EntradaB_IBUF[4]
    SLICE_X0Y16          LUT4 (Prop_lut4_I1_O)        0.124     5.487 r  SalidaIgual_OBUF_inst_i_3/O
                         net (fo=1, routed)           1.017     6.505    SalidaIgual_OBUF_inst_i_3_n_0
    SLICE_X0Y17          LUT5 (Prop_lut5_I3_O)        0.124     6.629 r  SalidaIgual_OBUF_inst_i_1/O
                         net (fo=3, routed)           2.306     8.934    SalidaIgual_OBUF
    U16                  OBUF (Prop_obuf_I_O)         3.505    12.439 r  SalidaIgual_OBUF_inst/O
                         net (fo=0)                   0.000    12.439    SalidaIgual
    U16                                                               r  SalidaIgual (OUT)
  -------------------------------------------------------------------    -------------------





Min Delay Paths
--------------------------------------------------------------------------------------
Slack:                    inf
  Source:                 EntradaA[1]
                            (input port)
  Destination:            SalidaMenor
                            (output port)
  Path Group:             (none)
  Path Type:              Min at Fast Process Corner
  Data Path Delay:        2.607ns  (logic 1.566ns (60.095%)  route 1.040ns (39.905%))
  Logic Levels:           5  (IBUF=1 LUT3=1 LUT5=1 LUT6=1 OBUF=1)

    Location             Delay type                Incr(ns)  Path(ns)    Netlist Resource(s)
  -------------------------------------------------------------------    -------------------
    V16                                               0.000     0.000 r  EntradaA[1] (IN)
                         net (fo=0)                   0.000     0.000    EntradaA[1]
    V16                  IBUF (Prop_ibuf_I_O)         0.229     0.229 r  EntradaA_IBUF[1]_inst/O
                         net (fo=5, routed)           0.441     0.670    EntradaA_IBUF[1]
    SLICE_X0Y17          LUT6 (Prop_lut6_I5_O)        0.045     0.715 f  SalidaIgual_OBUF_inst_i_4/O
                         net (fo=1, routed)           0.058     0.773    SalidaIgual_OBUF_inst_i_4_n_0
    SLICE_X0Y17          LUT5 (Prop_lut5_I4_O)        0.045     0.818 f  SalidaIgual_OBUF_inst_i_1/O
                         net (fo=3, routed)           0.185     1.003    SalidaIgual_OBUF
    SLICE_X0Y17          LUT3 (Prop_lut3_I2_O)        0.045     1.048 r  SalidaMenor_OBUF_inst_i_1/O
                         net (fo=1, routed)           0.357     1.405    SalidaMenor_OBUF
    U19                  OBUF (Prop_obuf_I_O)         1.202     2.607 r  SalidaMenor_OBUF_inst/O
                         net (fo=0)                   0.000     2.607    SalidaMenor
    U19                                                               r  SalidaMenor (OUT)
  -------------------------------------------------------------------    -------------------

Slack:                    inf
  Source:                 EntradaA[1]
                            (input port)
  Destination:            SalidaIgual
                            (output port)
  Path Group:             (none)
  Path Type:              Min at Fast Process Corner
  Data Path Delay:        2.625ns  (logic 1.525ns (58.109%)  route 1.100ns (41.891%))
  Logic Levels:           4  (IBUF=1 LUT5=1 LUT6=1 OBUF=1)

    Location             Delay type                Incr(ns)  Path(ns)    Netlist Resource(s)
  -------------------------------------------------------------------    -------------------
    V16                                               0.000     0.000 r  EntradaA[1] (IN)
                         net (fo=0)                   0.000     0.000    EntradaA[1]
    V16                  IBUF (Prop_ibuf_I_O)         0.229     0.229 r  EntradaA_IBUF[1]_inst/O
                         net (fo=5, routed)           0.441     0.670    EntradaA_IBUF[1]
    SLICE_X0Y17          LUT6 (Prop_lut6_I5_O)        0.045     0.715 r  SalidaIgual_OBUF_inst_i_4/O
                         net (fo=1, routed)           0.058     0.773    SalidaIgual_OBUF_inst_i_4_n_0
    SLICE_X0Y17          LUT5 (Prop_lut5_I4_O)        0.045     0.818 r  SalidaIgual_OBUF_inst_i_1/O
                         net (fo=3, routed)           0.601     1.419    SalidaIgual_OBUF
    U16                  OBUF (Prop_obuf_I_O)         1.206     2.625 r  SalidaIgual_OBUF_inst/O
                         net (fo=0)                   0.000     2.625    SalidaIgual
    U16                                                               r  SalidaIgual (OUT)
  -------------------------------------------------------------------    -------------------

Slack:                    inf
  Source:                 EntradaA[1]
                            (input port)
  Destination:            SalidaMayor
                            (output port)
  Path Group:             (none)
  Path Type:              Min at Fast Process Corner
  Data Path Delay:        3.103ns  (logic 1.660ns (53.496%)  route 1.443ns (46.504%))
  Logic Levels:           5  (IBUF=1 LUT2=1 LUT5=1 LUT6=1 OBUF=1)

    Location             Delay type                Incr(ns)  Path(ns)    Netlist Resource(s)
  -------------------------------------------------------------------    -------------------
    V16                                               0.000     0.000 r  EntradaA[1] (IN)
                         net (fo=0)                   0.000     0.000    EntradaA[1]
    V16                  IBUF (Prop_ibuf_I_O)         0.229     0.229 r  EntradaA_IBUF[1]_inst/O
                         net (fo=5, routed)           0.441     0.670    EntradaA_IBUF[1]
    SLICE_X0Y17          LUT6 (Prop_lut6_I5_O)        0.045     0.715 f  SalidaIgual_OBUF_inst_i_4/O
                         net (fo=1, routed)           0.058     0.773    SalidaIgual_OBUF_inst_i_4_n_0
    SLICE_X0Y17          LUT5 (Prop_lut5_I4_O)        0.045     0.818 f  SalidaIgual_OBUF_inst_i_1/O
                         net (fo=3, routed)           0.185     1.003    SalidaIgual_OBUF
    SLICE_X0Y17          LUT2 (Prop_lut2_I1_O)        0.048     1.051 r  SalidaMayor_OBUF_inst_i_1/O
                         net (fo=1, routed)           0.759     1.810    SalidaMayor_OBUF
    E19                  OBUF (Prop_obuf_I_O)         1.293     3.103 r  SalidaMayor_OBUF_inst/O
                         net (fo=0)                   0.000     3.103    SalidaMayor
    E19                                                               r  SalidaMayor (OUT)
  -------------------------------------------------------------------    -------------------





