Copyright 1986-2022 Xilinx, Inc. All Rights Reserved. Copyright 2022-2023 Advanced Micro Devices, Inc. All Rights Reserved.
---------------------------------------------------------------------------------------------------------------------------------------------
| Tool Version : Vivado v.2023.1.1 (win64) Build 3900603 Fri Jun 16 19:31:24 MDT 2023
| Date         : Tue Dec  3 18:03:31 2024
| Host         : Cesar running 64-bit major release  (build 9200)
| Command      : report_drc -file TopCronometro_drc_opted.rpt -pb TopCronometro_drc_opted.pb -rpx TopCronometro_drc_opted.rpx
| Design       : TopCronometro
| Device       : xc7a35tcpg236-1
| Speed File   : -1
| Design State : Synthesized
---------------------------------------------------------------------------------------------------------------------------------------------

Report DRC

Table of Contents
-----------------
1. REPORT SUMMARY
2. REPORT DETAILS

1. REPORT SUMMARY
-----------------
            Netlist: netlist
          Floorplan: design_1
      Design limits: <entire design considered>
           Ruledeck: default
             Max violations: <unlimited>
             Violations found: 1
+-------------+----------+-------------------------------------------------------------+------------+
| Rule        | Severity | Description                                                 | Violations |
+-------------+----------+-------------------------------------------------------------+------------+
| PLHOLDVIO-2 | Warning  | Non-Optimal connections which could lead to hold violations | 1          |
+-------------+----------+-------------------------------------------------------------+------------+

2. REPORT DETAILS
-----------------
PLHOLDVIO-2#1 Warning
Non-Optimal connections which could lead to hold violations  
A LUT u11/u1/cuenta[4]_i_2 is driving clock pin of 5 cells. This could lead to large hold time violations. Involved cells are:
u3/cuenta_reg[0], u3/cuenta_reg[1], u3/cuenta_reg[2], u3/cuenta_reg[3]
u3/cuenta_reg[4]
Related violations: <none>


