
*** Running vivado
    with args -log supExpende.vds -m64 -product Vivado -mode batch -messageDb vivado.pb -notrace -source supExpende.tcl


ECHO est  desactivado.
ECHO est  desactivado.

****** Vivado v2023.1.1 (64-bit)
  **** SW Build 3900603 on Fri Jun 16 19:31:24 MDT 2023
  **** IP Build 3900379 on Sat Jun 17 05:28:05 MDT 2023
  **** SharedData Build 3899622 on Fri Jun 16 03:34:24 MDT 2023
    ** Copyright 1986-2022 Xilinx, Inc. All Rights Reserved.
    ** Copyright 2022-2023 Advanced Micro Devices, Inc. All Rights Reserved.

source supExpende.tcl -notrace
create_project: Time (s): cpu = 00:00:10 ; elapsed = 00:00:11 . Memory (MB): peak = 485.324 ; gain = 194.586
Command: read_checkpoint -auto_incremental -incremental C:/ExpendioDisplay/ExpendioDisplay.srcs/utils_1/imports/synth_1/supExpende.dcp
INFO: [Vivado 12-5825] Read reference checkpoint from C:/ExpendioDisplay/ExpendioDisplay.srcs/utils_1/imports/synth_1/supExpende.dcp for incremental synthesis
INFO: [Vivado 12-7989] Please ensure there are no constraint changes
Command: synth_design -top supExpende -part xc7a35tcpg236-1
Starting synth_design
Attempting to get a license for feature 'Synthesis' and/or device 'xc7a35t'
INFO: [Common 17-349] Got license for feature 'Synthesis' and/or device 'xc7a35t'
INFO: [Device 21-403] Loading part xc7a35tcpg236-1
INFO: [Designutils 20-5440] No compile time benefit to using incremental synthesis; A full resynthesis will be run
INFO: [Designutils 20-4379] Flow is switching to default flow due to incremental criteria not met. If you would like to alter this behaviour and have the flow terminate instead, please set the following parameter config_implementation {autoIncr.Synth.RejectBehavior Terminate}
INFO: [Synth 8-7079] Multithreading enabled for synth_design using a maximum of 2 processes.
INFO: [Synth 8-7078] Launching helper process for spawning children vivado processes
INFO: [Synth 8-7075] Helper process launched with PID 10876
---------------------------------------------------------------------------------
Starting RTL Elaboration : Time (s): cpu = 00:00:07 ; elapsed = 00:00:07 . Memory (MB): peak = 1299.543 ; gain = 411.336
---------------------------------------------------------------------------------
INFO: [Synth 8-638] synthesizing module 'supExpende' [C:/ExpendioDisplay/ExpendioDisplay.srcs/sources_1/imports/expendeV2/supExpende.vhd:15]
INFO: [Synth 8-3491] module 'SupReboteTemporizado' declared at 'C:/ExpendioDisplay/ExpendioDisplay.srcs/sources_1/imports/expendeV2/SupReboteTemporizado.vhd:4' bound to instance 'u0' of component 'SupReboteTemporizado' [C:/ExpendioDisplay/ExpendioDisplay.srcs/sources_1/imports/expendeV2/supExpende.vhd:56]
INFO: [Synth 8-638] synthesizing module 'SupReboteTemporizado' [C:/ExpendioDisplay/ExpendioDisplay.srcs/sources_1/imports/expendeV2/SupReboteTemporizado.vhd:11]
INFO: [Synth 8-3491] module 'Maq_estadoReb' declared at 'C:/ExpendioDisplay/ExpendioDisplay.srcs/sources_1/imports/expendeV2/Maq_estadoReb.vhd:4' bound to instance 'u0' of component 'Maq_estadoReb' [C:/ExpendioDisplay/ExpendioDisplay.srcs/sources_1/imports/expendeV2/SupReboteTemporizado.vhd:33]
INFO: [Synth 8-638] synthesizing module 'Maq_estadoReb' [C:/ExpendioDisplay/ExpendioDisplay.srcs/sources_1/imports/expendeV2/Maq_estadoReb.vhd:13]
INFO: [Synth 8-256] done synthesizing module 'Maq_estadoReb' (0#1) [C:/ExpendioDisplay/ExpendioDisplay.srcs/sources_1/imports/expendeV2/Maq_estadoReb.vhd:13]
INFO: [Synth 8-3491] module 'TempReb' declared at 'C:/ExpendioDisplay/ExpendioDisplay.srcs/sources_1/imports/expendeV2/TempReb.vhd:4' bound to instance 'u1' of component 'TempReb' [C:/ExpendioDisplay/ExpendioDisplay.srcs/sources_1/imports/expendeV2/SupReboteTemporizado.vhd:34]
INFO: [Synth 8-638] synthesizing module 'TempReb' [C:/ExpendioDisplay/ExpendioDisplay.srcs/sources_1/imports/expendeV2/TempReb.vhd:11]
INFO: [Synth 8-256] done synthesizing module 'TempReb' (0#1) [C:/ExpendioDisplay/ExpendioDisplay.srcs/sources_1/imports/expendeV2/TempReb.vhd:11]
INFO: [Synth 8-256] done synthesizing module 'SupReboteTemporizado' (0#1) [C:/ExpendioDisplay/ExpendioDisplay.srcs/sources_1/imports/expendeV2/SupReboteTemporizado.vhd:11]
INFO: [Synth 8-3491] module 'SupReboteTemporizado' declared at 'C:/ExpendioDisplay/ExpendioDisplay.srcs/sources_1/imports/expendeV2/SupReboteTemporizado.vhd:4' bound to instance 'u1' of component 'SupReboteTemporizado' [C:/ExpendioDisplay/ExpendioDisplay.srcs/sources_1/imports/expendeV2/supExpende.vhd:57]
INFO: [Synth 8-3491] module 'SupReboteTemporizado' declared at 'C:/ExpendioDisplay/ExpendioDisplay.srcs/sources_1/imports/expendeV2/SupReboteTemporizado.vhd:4' bound to instance 'u2' of component 'SupReboteTemporizado' [C:/ExpendioDisplay/ExpendioDisplay.srcs/sources_1/imports/expendeV2/supExpende.vhd:58]
INFO: [Synth 8-3491] module 'Estados' declared at 'C:/ExpendioDisplay/ExpendioDisplay.srcs/sources_1/imports/expendeV2/Estados.vhd:4' bound to instance 'u3' of component 'Estados' [C:/ExpendioDisplay/ExpendioDisplay.srcs/sources_1/imports/expendeV2/supExpende.vhd:59]
INFO: [Synth 8-638] synthesizing module 'Estados' [C:/ExpendioDisplay/ExpendioDisplay.srcs/sources_1/imports/expendeV2/Estados.vhd:16]
INFO: [Synth 8-256] done synthesizing module 'Estados' (0#1) [C:/ExpendioDisplay/ExpendioDisplay.srcs/sources_1/imports/expendeV2/Estados.vhd:16]
INFO: [Synth 8-3491] module 'SuperiorBinarioDecimal' declared at 'C:/ExpendioDisplay/ExpendioDisplay.srcs/sources_1/imports/expendeV2/SuperiorBinarioDecimal.vhd:4' bound to instance 'u4' of component 'SuperiorBinarioDecimal' [C:/ExpendioDisplay/ExpendioDisplay.srcs/sources_1/imports/expendeV2/supExpende.vhd:60]
INFO: [Synth 8-638] synthesizing module 'SuperiorBinarioDecimal' [C:/ExpendioDisplay/ExpendioDisplay.srcs/sources_1/imports/expendeV2/SuperiorBinarioDecimal.vhd:12]
INFO: [Synth 8-3491] module 'Modulo_BinBcd' declared at 'C:/ExpendioDisplay/ExpendioDisplay.srcs/sources_1/imports/expendeV2/Modulo_BinBcd.vhd:5' bound to instance 'u0' of component 'Modulo_BinBcd' [C:/ExpendioDisplay/ExpendioDisplay.srcs/sources_1/imports/expendeV2/SuperiorBinarioDecimal.vhd:55]
INFO: [Synth 8-638] synthesizing module 'Modulo_BinBcd' [C:/ExpendioDisplay/ExpendioDisplay.srcs/sources_1/imports/expendeV2/Modulo_BinBcd.vhd:10]
INFO: [Synth 8-256] done synthesizing module 'Modulo_BinBcd' (0#1) [C:/ExpendioDisplay/ExpendioDisplay.srcs/sources_1/imports/expendeV2/Modulo_BinBcd.vhd:10]
INFO: [Synth 8-3491] module 'mux4a1' declared at 'C:/ExpendioDisplay/ExpendioDisplay.srcs/sources_1/imports/expendeV2/mux4a1.vhd:4' bound to instance 'u1' of component 'mux4a1' [C:/ExpendioDisplay/ExpendioDisplay.srcs/sources_1/imports/expendeV2/SuperiorBinarioDecimal.vhd:56]
INFO: [Synth 8-638] synthesizing module 'mux4a1' [C:/ExpendioDisplay/ExpendioDisplay.srcs/sources_1/imports/expendeV2/mux4a1.vhd:12]
INFO: [Synth 8-256] done synthesizing module 'mux4a1' (0#1) [C:/ExpendioDisplay/ExpendioDisplay.srcs/sources_1/imports/expendeV2/mux4a1.vhd:12]
INFO: [Synth 8-3491] module 'display' declared at 'C:/ExpendioDisplay/ExpendioDisplay.srcs/sources_1/imports/expendeV2/display.vhd:4' bound to instance 'u2' of component 'display' [C:/ExpendioDisplay/ExpendioDisplay.srcs/sources_1/imports/expendeV2/SuperiorBinarioDecimal.vhd:57]
INFO: [Synth 8-638] synthesizing module 'display' [C:/ExpendioDisplay/ExpendioDisplay.srcs/sources_1/imports/expendeV2/display.vhd:9]
INFO: [Synth 8-256] done synthesizing module 'display' (0#1) [C:/ExpendioDisplay/ExpendioDisplay.srcs/sources_1/imports/expendeV2/display.vhd:9]
INFO: [Synth 8-3491] module 'cuenta' declared at 'C:/ExpendioDisplay/ExpendioDisplay.srcs/sources_1/imports/expendeV2/cuenta.vhd:5' bound to instance 'u3' of component 'cuenta' [C:/ExpendioDisplay/ExpendioDisplay.srcs/sources_1/imports/expendeV2/SuperiorBinarioDecimal.vhd:58]
INFO: [Synth 8-638] synthesizing module 'cuenta' [C:/ExpendioDisplay/ExpendioDisplay.srcs/sources_1/imports/expendeV2/cuenta.vhd:11]
INFO: [Synth 8-256] done synthesizing module 'cuenta' (0#1) [C:/ExpendioDisplay/ExpendioDisplay.srcs/sources_1/imports/expendeV2/cuenta.vhd:11]
INFO: [Synth 8-3491] module 'negacion' declared at 'C:/ExpendioDisplay/ExpendioDisplay.srcs/sources_1/imports/expendeV2/negacion.vhd:4' bound to instance 'u4' of component 'negacion' [C:/ExpendioDisplay/ExpendioDisplay.srcs/sources_1/imports/expendeV2/SuperiorBinarioDecimal.vhd:59]
INFO: [Synth 8-638] synthesizing module 'negacion' [C:/ExpendioDisplay/ExpendioDisplay.srcs/sources_1/imports/expendeV2/negacion.vhd:9]
INFO: [Synth 8-256] done synthesizing module 'negacion' (0#1) [C:/ExpendioDisplay/ExpendioDisplay.srcs/sources_1/imports/expendeV2/negacion.vhd:9]
INFO: [Synth 8-3491] module 'divide' declared at 'C:/ExpendioDisplay/ExpendioDisplay.srcs/sources_1/imports/expendeV2/divide.vhd:4' bound to instance 'u5' of component 'divide' [C:/ExpendioDisplay/ExpendioDisplay.srcs/sources_1/imports/expendeV2/SuperiorBinarioDecimal.vhd:60]
INFO: [Synth 8-638] synthesizing module 'divide' [C:/ExpendioDisplay/ExpendioDisplay.srcs/sources_1/imports/expendeV2/divide.vhd:9]
INFO: [Synth 8-256] done synthesizing module 'divide' (0#1) [C:/ExpendioDisplay/ExpendioDisplay.srcs/sources_1/imports/expendeV2/divide.vhd:9]
INFO: [Synth 8-256] done synthesizing module 'SuperiorBinarioDecimal' (0#1) [C:/ExpendioDisplay/ExpendioDisplay.srcs/sources_1/imports/expendeV2/SuperiorBinarioDecimal.vhd:12]
INFO: [Synth 8-3491] module 'Temp_vende' declared at 'C:/ExpendioDisplay/ExpendioDisplay.srcs/sources_1/imports/expendeV2/Temp_vende.vhd:4' bound to instance 'u5' of component 'Temp_vende' [C:/ExpendioDisplay/ExpendioDisplay.srcs/sources_1/imports/expendeV2/supExpende.vhd:61]
INFO: [Synth 8-638] synthesizing module 'Temp_vende' [C:/ExpendioDisplay/ExpendioDisplay.srcs/sources_1/imports/expendeV2/Temp_vende.vhd:11]
INFO: [Synth 8-256] done synthesizing module 'Temp_vende' (0#1) [C:/ExpendioDisplay/ExpendioDisplay.srcs/sources_1/imports/expendeV2/Temp_vende.vhd:11]
INFO: [Synth 8-256] done synthesizing module 'supExpende' (0#1) [C:/ExpendioDisplay/ExpendioDisplay.srcs/sources_1/imports/expendeV2/supExpende.vhd:15]
---------------------------------------------------------------------------------
Finished RTL Elaboration : Time (s): cpu = 00:00:10 ; elapsed = 00:00:10 . Memory (MB): peak = 1392.227 ; gain = 504.020
---------------------------------------------------------------------------------
---------------------------------------------------------------------------------
Start Handling Custom Attributes
---------------------------------------------------------------------------------
---------------------------------------------------------------------------------
Finished Handling Custom Attributes : Time (s): cpu = 00:00:10 ; elapsed = 00:00:10 . Memory (MB): peak = 1392.227 ; gain = 504.020
---------------------------------------------------------------------------------
---------------------------------------------------------------------------------
Finished RTL Optimization Phase 1 : Time (s): cpu = 00:00:10 ; elapsed = 00:00:10 . Memory (MB): peak = 1392.227 ; gain = 504.020
---------------------------------------------------------------------------------
Netlist sorting complete. Time (s): cpu = 00:00:00 ; elapsed = 00:00:00.007 . Memory (MB): peak = 1392.227 ; gain = 0.000
INFO: [Project 1-570] Preparing netlist for logic optimization

Processing XDC Constraints
Initializing timing engine
Parsing XDC File [C:/ExpendioDisplay/ExpendioDisplay.srcs/constrs_1/new/Pines.xdc]
Finished Parsing XDC File [C:/ExpendioDisplay/ExpendioDisplay.srcs/constrs_1/new/Pines.xdc]
INFO: [Project 1-236] Implementation specific constraints were found while reading constraint file [C:/ExpendioDisplay/ExpendioDisplay.srcs/constrs_1/new/Pines.xdc]. These constraints will be ignored for synthesis but will be used in implementation. Impacted constraints are listed in the file [.Xil/supExpende_propImpl.xdc].
Resolution: To avoid this warning, move constraints listed in [.Xil/supExpende_propImpl.xdc] to another XDC file and exclude this new file from synthesis with the used_in_synthesis property (File Properties dialog in GUI) and re-run elaboration/synthesis.
Completed Processing XDC Constraints

Netlist sorting complete. Time (s): cpu = 00:00:00 ; elapsed = 00:00:00.001 . Memory (MB): peak = 1447.645 ; gain = 0.000
INFO: [Project 1-111] Unisim Transformation Summary:
No Unisim elements were transformed.

Constraint Validation Runtime : Time (s): cpu = 00:00:00 ; elapsed = 00:00:00.003 . Memory (MB): peak = 1447.645 ; gain = 0.000
INFO: [Designutils 20-5440] No compile time benefit to using incremental synthesis; A full resynthesis will be run
INFO: [Designutils 20-4379] Flow is switching to default flow due to incremental criteria not met. If you would like to alter this behaviour and have the flow terminate instead, please set the following parameter config_implementation {autoIncr.Synth.RejectBehavior Terminate}
---------------------------------------------------------------------------------
Finished Constraint Validation : Time (s): cpu = 00:00:20 ; elapsed = 00:00:21 . Memory (MB): peak = 1447.645 ; gain = 559.438
---------------------------------------------------------------------------------
---------------------------------------------------------------------------------
Start Loading Part and Timing Information
---------------------------------------------------------------------------------
Loading part: xc7a35tcpg236-1
---------------------------------------------------------------------------------
Finished Loading Part and Timing Information : Time (s): cpu = 00:00:20 ; elapsed = 00:00:21 . Memory (MB): peak = 1447.645 ; gain = 559.438
---------------------------------------------------------------------------------
---------------------------------------------------------------------------------
Start Applying 'set_property' XDC Constraints
---------------------------------------------------------------------------------
---------------------------------------------------------------------------------
Finished applying 'set_property' XDC Constraints : Time (s): cpu = 00:00:20 ; elapsed = 00:00:21 . Memory (MB): peak = 1447.645 ; gain = 559.438
---------------------------------------------------------------------------------
INFO: [Synth 8-802] inferred FSM for state register 'estadoActual_reg' in module 'Maq_estadoReb'
INFO: [Synth 8-802] inferred FSM for state register 'estadoActual_reg' in module 'Estados'
---------------------------------------------------------------------------------------------------
                   State |                     New Encoding |                Previous Encoding 
---------------------------------------------------------------------------------------------------
                    idle |                               00 |                               00
                      s0 |                               01 |                               01
                      s1 |                               10 |                               10
                      s2 |                               11 |                               11
---------------------------------------------------------------------------------------------------
INFO: [Synth 8-3354] encoded FSM with state register 'estadoActual_reg' using encoding 'sequential' in module 'Maq_estadoReb'
---------------------------------------------------------------------------------------------------
                   State |                     New Encoding |                Previous Encoding 
---------------------------------------------------------------------------------------------------
                    idle |                             0000 |                             0000
                     s10 |                             0001 |                             0001
                     s20 |                             0010 |                             0010
                     s30 |                             0011 |                             0011
                     s40 |                             0100 |                             0100
                     s50 |                             0101 |                             0101
                     s60 |                             0110 |                             0110
                     s70 |                             0111 |                             0111
                     s80 |                             1000 |                             1000
                     s90 |                             1001 |                             1001
                    s100 |                             1010 |                             1010
                    s110 |                             1011 |                             1011
                    s120 |                             1100 |                             1100
                    s130 |                             1101 |                             1101
                    s140 |                             1110 |                             1110
                  svende |                             1111 |                             1111
---------------------------------------------------------------------------------------------------
INFO: [Synth 8-3354] encoded FSM with state register 'estadoActual_reg' using encoding 'sequential' in module 'Estados'
---------------------------------------------------------------------------------
Finished RTL Optimization Phase 2 : Time (s): cpu = 00:00:21 ; elapsed = 00:00:22 . Memory (MB): peak = 1447.645 ; gain = 559.438
---------------------------------------------------------------------------------
---------------------------------------------------------------------------------
Start RTL Component Statistics 
---------------------------------------------------------------------------------
Detailed RTL Component Info : 
+---Adders : 
	   2 Input   28 Bit       Adders := 1     
	   2 Input   25 Bit       Adders := 3     
	   2 Input   18 Bit       Adders := 1     
	   2 Input    4 Bit       Adders := 9     
	   2 Input    2 Bit       Adders := 1     
+---Registers : 
	               28 Bit    Registers := 1     
	               25 Bit    Registers := 3     
	               18 Bit    Registers := 1     
	                2 Bit    Registers := 1     
	                1 Bit    Registers := 6     
+---Muxes : 
	   2 Input   28 Bit        Muxes := 2     
	   2 Input   25 Bit        Muxes := 6     
	  16 Input    8 Bit        Muxes := 1     
	  16 Input    4 Bit        Muxes := 1     
	   2 Input    4 Bit        Muxes := 50    
	   4 Input    4 Bit        Muxes := 2     
	   4 Input    2 Bit        Muxes := 3     
	   2 Input    2 Bit        Muxes := 10    
	   4 Input    1 Bit        Muxes := 6     
	  16 Input    1 Bit        Muxes := 1     
---------------------------------------------------------------------------------
Finished RTL Component Statistics 
---------------------------------------------------------------------------------
---------------------------------------------------------------------------------
Start Part Resource Summary
---------------------------------------------------------------------------------
Part Resources:
DSPs: 90 (col length:60)
BRAMs: 100 (col length: RAMB18 60 RAMB36 30)
---------------------------------------------------------------------------------
Finished Part Resource Summary
---------------------------------------------------------------------------------
---------------------------------------------------------------------------------
Start Cross Boundary and Area Optimization
---------------------------------------------------------------------------------
WARNING: [Synth 8-7080] Parallel synthesis criteria is not met
WARNING: [Synth 8-3917] design supExpende has port an[3] driven by constant 1
---------------------------------------------------------------------------------
Finished Cross Boundary and Area Optimization : Time (s): cpu = 00:00:26 ; elapsed = 00:00:27 . Memory (MB): peak = 1447.645 ; gain = 559.438
---------------------------------------------------------------------------------
---------------------------------------------------------------------------------
Start Applying XDC Timing Constraints
---------------------------------------------------------------------------------
---------------------------------------------------------------------------------
Finished Applying XDC Timing Constraints : Time (s): cpu = 00:00:33 ; elapsed = 00:00:34 . Memory (MB): peak = 1447.645 ; gain = 559.438
---------------------------------------------------------------------------------
---------------------------------------------------------------------------------
Start Timing Optimization
---------------------------------------------------------------------------------
---------------------------------------------------------------------------------
Finished Timing Optimization : Time (s): cpu = 00:00:34 ; elapsed = 00:00:35 . Memory (MB): peak = 1447.645 ; gain = 559.438
---------------------------------------------------------------------------------
---------------------------------------------------------------------------------
Start Technology Mapping
---------------------------------------------------------------------------------
---------------------------------------------------------------------------------
Finished Technology Mapping : Time (s): cpu = 00:00:34 ; elapsed = 00:00:36 . Memory (MB): peak = 1447.645 ; gain = 559.438
---------------------------------------------------------------------------------
---------------------------------------------------------------------------------
Start IO Insertion
---------------------------------------------------------------------------------
---------------------------------------------------------------------------------
Start Flattening Before IO Insertion
---------------------------------------------------------------------------------
---------------------------------------------------------------------------------
Finished Flattening Before IO Insertion
---------------------------------------------------------------------------------
---------------------------------------------------------------------------------
Start Final Netlist Cleanup
---------------------------------------------------------------------------------
---------------------------------------------------------------------------------
Finished Final Netlist Cleanup
---------------------------------------------------------------------------------
---------------------------------------------------------------------------------
Finished IO Insertion : Time (s): cpu = 00:00:41 ; elapsed = 00:00:43 . Memory (MB): peak = 1447.645 ; gain = 559.438
---------------------------------------------------------------------------------
---------------------------------------------------------------------------------
Start Renaming Generated Instances
---------------------------------------------------------------------------------
---------------------------------------------------------------------------------
Finished Renaming Generated Instances : Time (s): cpu = 00:00:41 ; elapsed = 00:00:43 . Memory (MB): peak = 1447.645 ; gain = 559.438
---------------------------------------------------------------------------------
---------------------------------------------------------------------------------
Start Rebuilding User Hierarchy
---------------------------------------------------------------------------------
---------------------------------------------------------------------------------
Finished Rebuilding User Hierarchy : Time (s): cpu = 00:00:41 ; elapsed = 00:00:43 . Memory (MB): peak = 1447.645 ; gain = 559.438
---------------------------------------------------------------------------------
---------------------------------------------------------------------------------
Start Renaming Generated Ports
---------------------------------------------------------------------------------
---------------------------------------------------------------------------------
Finished Renaming Generated Ports : Time (s): cpu = 00:00:41 ; elapsed = 00:00:43 . Memory (MB): peak = 1447.645 ; gain = 559.438
---------------------------------------------------------------------------------
---------------------------------------------------------------------------------
Start Handling Custom Attributes
---------------------------------------------------------------------------------
---------------------------------------------------------------------------------
Finished Handling Custom Attributes : Time (s): cpu = 00:00:41 ; elapsed = 00:00:43 . Memory (MB): peak = 1447.645 ; gain = 559.438
---------------------------------------------------------------------------------
---------------------------------------------------------------------------------
Start Renaming Generated Nets
---------------------------------------------------------------------------------
---------------------------------------------------------------------------------
Finished Renaming Generated Nets : Time (s): cpu = 00:00:41 ; elapsed = 00:00:43 . Memory (MB): peak = 1447.645 ; gain = 559.438
---------------------------------------------------------------------------------
---------------------------------------------------------------------------------
Start Writing Synthesis Report
---------------------------------------------------------------------------------

Report BlackBoxes: 
+-+--------------+----------+
| |BlackBox name |Instances |
+-+--------------+----------+
+-+--------------+----------+

Report Cell Usage: 
+------+-------+------+
|      |Cell   |Count |
+------+-------+------+
|1     |BUFG   |     1|
|2     |CARRY4 |    30|
|3     |LUT1   |     1|
|4     |LUT2   |     9|
|5     |LUT3   |     9|
|6     |LUT4   |    98|
|7     |LUT5   |    31|
|8     |LUT6   |    30|
|9     |FDCE   |   117|
|10    |FDPE   |     2|
|11    |FDRE   |    20|
|12    |IBUF   |     5|
|13    |OBUF   |    12|
+------+-------+------+
---------------------------------------------------------------------------------
Finished Writing Synthesis Report : Time (s): cpu = 00:00:41 ; elapsed = 00:00:43 . Memory (MB): peak = 1447.645 ; gain = 559.438
---------------------------------------------------------------------------------
Synthesis finished with 0 errors, 0 critical warnings and 2 warnings.
Synthesis Optimization Runtime : Time (s): cpu = 00:00:29 ; elapsed = 00:00:40 . Memory (MB): peak = 1447.645 ; gain = 504.020
Synthesis Optimization Complete : Time (s): cpu = 00:00:41 ; elapsed = 00:00:43 . Memory (MB): peak = 1447.645 ; gain = 559.438
INFO: [Project 1-571] Translating synthesized netlist
Netlist sorting complete. Time (s): cpu = 00:00:00 ; elapsed = 00:00:00.003 . Memory (MB): peak = 1447.645 ; gain = 0.000
INFO: [Netlist 29-17] Analyzing 30 Unisim elements for replacement
INFO: [Netlist 29-28] Unisim Transformation completed in 0 CPU seconds
INFO: [Project 1-570] Preparing netlist for logic optimization
INFO: [Opt 31-138] Pushed 0 inverter(s) to 0 load pin(s).
Netlist sorting complete. Time (s): cpu = 00:00:00 ; elapsed = 00:00:00 . Memory (MB): peak = 1447.645 ; gain = 0.000
INFO: [Project 1-111] Unisim Transformation Summary:
No Unisim elements were transformed.

Synth Design complete | Checksum: 75c7ed9d
INFO: [Common 17-83] Releasing license: Synthesis
65 Infos, 2 Warnings, 0 Critical Warnings and 0 Errors encountered.
synth_design completed successfully
synth_design: Time (s): cpu = 00:00:47 ; elapsed = 00:00:51 . Memory (MB): peak = 1447.645 ; gain = 937.488
INFO: [Common 17-1381] The checkpoint 'C:/ExpendioDisplay/ExpendioDisplay.runs/synth_1/supExpende.dcp' has been generated.
INFO: [runtcl-4] Executing : report_utilization -file supExpende_utilization_synth.rpt -pb supExpende_utilization_synth.pb
INFO: [Common 17-206] Exiting Vivado at Wed Mar 12 08:49:06 2025...
