
*** Running vivado
    with args -log Transmisor.vds -m64 -product Vivado -mode batch -messageDb vivado.pb -notrace -source Transmisor.tcl


ECHO est  desactivado.
ECHO est  desactivado.

****** Vivado v2023.1.1 (64-bit)
  **** SW Build 3900603 on Fri Jun 16 19:31:24 MDT 2023
  **** IP Build 3900379 on Sat Jun 17 05:28:05 MDT 2023
  **** SharedData Build 3899622 on Fri Jun 16 03:34:24 MDT 2023
    ** Copyright 1986-2022 Xilinx, Inc. All Rights Reserved.
    ** Copyright 2022-2023 Advanced Micro Devices, Inc. All Rights Reserved.

source Transmisor.tcl -notrace
create_project: Time (s): cpu = 00:00:06 ; elapsed = 00:00:10 . Memory (MB): peak = 483.000 ; gain = 196.402
Command: read_checkpoint -auto_incremental -incremental C:/Repo-Asus/VHDL-Basys3/MaquinaEstados/Serial-TX/Serial-TX.srcs/utils_1/imports/synth_1/Transmisor.dcp
INFO: [Vivado 12-5825] Read reference checkpoint from C:/Repo-Asus/VHDL-Basys3/MaquinaEstados/Serial-TX/Serial-TX.srcs/utils_1/imports/synth_1/Transmisor.dcp for incremental synthesis
INFO: [Vivado 12-7989] Please ensure there are no constraint changes
Command: synth_design -top Transmisor -part xc7a35tcpg236-1
Starting synth_design
Attempting to get a license for feature 'Synthesis' and/or device 'xc7a35t'
INFO: [Common 17-349] Got license for feature 'Synthesis' and/or device 'xc7a35t'
INFO: [Device 21-403] Loading part xc7a35tcpg236-1
INFO: [Designutils 20-5440] No compile time benefit to using incremental synthesis; A full resynthesis will be run
INFO: [Designutils 20-4379] Flow is switching to default flow due to incremental criteria not met. If you would like to alter this behaviour and have the flow terminate instead, please set the following parameter config_implementation {autoIncr.Synth.RejectBehavior Terminate}
INFO: [Synth 8-7079] Multithreading enabled for synth_design using a maximum of 2 processes.
INFO: [Synth 8-7078] Launching helper process for spawning children vivado processes
INFO: [Synth 8-7075] Helper process launched with PID 9816
---------------------------------------------------------------------------------
Starting RTL Elaboration : Time (s): cpu = 00:00:07 ; elapsed = 00:00:09 . Memory (MB): peak = 1300.586 ; gain = 412.617
---------------------------------------------------------------------------------
INFO: [Synth 8-638] synthesizing module 'Transmisor' [C:/Repo-Asus/VHDL-Basys3/MaquinaEstados/Serial-TX/Serial-TX.srcs/sources_1/new/Transmisor.vhd:13]
INFO: [Synth 8-3491] module 'Baudios_tx' declared at 'C:/Repo-Asus/VHDL-Basys3/MaquinaEstados/Serial-TX/Serial-TX.srcs/sources_1/new/Baudios_tx.vhd:4' bound to instance 'uo' of component 'Baudios_tx' [C:/Repo-Asus/VHDL-Basys3/MaquinaEstados/Serial-TX/Serial-TX.srcs/sources_1/new/Transmisor.vhd:35]
INFO: [Synth 8-638] synthesizing module 'Baudios_tx' [C:/Repo-Asus/VHDL-Basys3/MaquinaEstados/Serial-TX/Serial-TX.srcs/sources_1/new/Baudios_tx.vhd:10]
INFO: [Synth 8-256] done synthesizing module 'Baudios_tx' (0#1) [C:/Repo-Asus/VHDL-Basys3/MaquinaEstados/Serial-TX/Serial-TX.srcs/sources_1/new/Baudios_tx.vhd:10]
INFO: [Synth 8-3491] module 'mod_tx' declared at 'C:/Repo-Asus/VHDL-Basys3/MaquinaEstados/Serial-TX/Serial-TX.srcs/sources_1/new/mod_tx.vhd:5' bound to instance 'u1' of component 'mod_tx' [C:/Repo-Asus/VHDL-Basys3/MaquinaEstados/Serial-TX/Serial-TX.srcs/sources_1/new/Transmisor.vhd:36]
INFO: [Synth 8-638] synthesizing module 'mod_tx' [C:/Repo-Asus/VHDL-Basys3/MaquinaEstados/Serial-TX/Serial-TX.srcs/sources_1/new/mod_tx.vhd:15]
INFO: [Synth 8-256] done synthesizing module 'mod_tx' (0#1) [C:/Repo-Asus/VHDL-Basys3/MaquinaEstados/Serial-TX/Serial-TX.srcs/sources_1/new/mod_tx.vhd:15]
INFO: [Synth 8-256] done synthesizing module 'Transmisor' (0#1) [C:/Repo-Asus/VHDL-Basys3/MaquinaEstados/Serial-TX/Serial-TX.srcs/sources_1/new/Transmisor.vhd:13]
---------------------------------------------------------------------------------
Finished RTL Elaboration : Time (s): cpu = 00:00:09 ; elapsed = 00:00:12 . Memory (MB): peak = 1389.375 ; gain = 501.406
---------------------------------------------------------------------------------
---------------------------------------------------------------------------------
Start Handling Custom Attributes
---------------------------------------------------------------------------------
---------------------------------------------------------------------------------
Finished Handling Custom Attributes : Time (s): cpu = 00:00:09 ; elapsed = 00:00:12 . Memory (MB): peak = 1389.375 ; gain = 501.406
---------------------------------------------------------------------------------
---------------------------------------------------------------------------------
Finished RTL Optimization Phase 1 : Time (s): cpu = 00:00:09 ; elapsed = 00:00:12 . Memory (MB): peak = 1389.375 ; gain = 501.406
---------------------------------------------------------------------------------
Netlist sorting complete. Time (s): cpu = 00:00:00 ; elapsed = 00:00:00.001 . Memory (MB): peak = 1389.375 ; gain = 0.000
INFO: [Project 1-570] Preparing netlist for logic optimization

Processing XDC Constraints
Initializing timing engine
Parsing XDC File [C:/Repo-Asus/VHDL-Basys3/MaquinaEstados/Serial-TX/Serial-TX.srcs/constrs_1/new/pines.xdc]
Finished Parsing XDC File [C:/Repo-Asus/VHDL-Basys3/MaquinaEstados/Serial-TX/Serial-TX.srcs/constrs_1/new/pines.xdc]
INFO: [Project 1-236] Implementation specific constraints were found while reading constraint file [C:/Repo-Asus/VHDL-Basys3/MaquinaEstados/Serial-TX/Serial-TX.srcs/constrs_1/new/pines.xdc]. These constraints will be ignored for synthesis but will be used in implementation. Impacted constraints are listed in the file [.Xil/Transmisor_propImpl.xdc].
Resolution: To avoid this warning, move constraints listed in [.Xil/Transmisor_propImpl.xdc] to another XDC file and exclude this new file from synthesis with the used_in_synthesis property (File Properties dialog in GUI) and re-run elaboration/synthesis.
Completed Processing XDC Constraints

Netlist sorting complete. Time (s): cpu = 00:00:00 ; elapsed = 00:00:00 . Memory (MB): peak = 1417.676 ; gain = 0.000
INFO: [Project 1-111] Unisim Transformation Summary:
No Unisim elements were transformed.

Constraint Validation Runtime : Time (s): cpu = 00:00:00 ; elapsed = 00:00:00.003 . Memory (MB): peak = 1417.676 ; gain = 0.000
INFO: [Designutils 20-5440] No compile time benefit to using incremental synthesis; A full resynthesis will be run
INFO: [Designutils 20-4379] Flow is switching to default flow due to incremental criteria not met. If you would like to alter this behaviour and have the flow terminate instead, please set the following parameter config_implementation {autoIncr.Synth.RejectBehavior Terminate}
---------------------------------------------------------------------------------
Finished Constraint Validation : Time (s): cpu = 00:00:17 ; elapsed = 00:00:24 . Memory (MB): peak = 1417.676 ; gain = 529.707
---------------------------------------------------------------------------------
---------------------------------------------------------------------------------
Start Loading Part and Timing Information
---------------------------------------------------------------------------------
Loading part: xc7a35tcpg236-1
---------------------------------------------------------------------------------
Finished Loading Part and Timing Information : Time (s): cpu = 00:00:17 ; elapsed = 00:00:24 . Memory (MB): peak = 1417.676 ; gain = 529.707
---------------------------------------------------------------------------------
---------------------------------------------------------------------------------
Start Applying 'set_property' XDC Constraints
---------------------------------------------------------------------------------
---------------------------------------------------------------------------------
Finished applying 'set_property' XDC Constraints : Time (s): cpu = 00:00:17 ; elapsed = 00:00:24 . Memory (MB): peak = 1417.676 ; gain = 529.707
---------------------------------------------------------------------------------
INFO: [Synth 8-802] inferred FSM for state register 'state_reg_reg' in module 'mod_tx'
---------------------------------------------------------------------------------------------------
                   State |                     New Encoding |                Previous Encoding 
---------------------------------------------------------------------------------------------------
                    idle |                               00 |                               00
                  inicio |                               01 |                               01
                    dato |                               10 |                               10
                    stop |                               11 |                               11
---------------------------------------------------------------------------------------------------
INFO: [Synth 8-3354] encoded FSM with state register 'state_reg_reg' using encoding 'sequential' in module 'mod_tx'
---------------------------------------------------------------------------------
Finished RTL Optimization Phase 2 : Time (s): cpu = 00:00:17 ; elapsed = 00:00:24 . Memory (MB): peak = 1417.676 ; gain = 529.707
---------------------------------------------------------------------------------
---------------------------------------------------------------------------------
Start RTL Component Statistics 
---------------------------------------------------------------------------------
Detailed RTL Component Info : 
+---Adders : 
	   2 Input    6 Bit       Adders := 1     
	   2 Input    4 Bit       Adders := 1     
	   2 Input    3 Bit       Adders := 1     
+---Registers : 
	                8 Bit    Registers := 1     
	                6 Bit    Registers := 1     
	                4 Bit    Registers := 1     
	                3 Bit    Registers := 1     
	                1 Bit    Registers := 1     
+---Muxes : 
	   4 Input    8 Bit        Muxes := 1     
	   2 Input    6 Bit        Muxes := 1     
	   2 Input    4 Bit        Muxes := 1     
	   4 Input    4 Bit        Muxes := 1     
	   4 Input    3 Bit        Muxes := 1     
	   4 Input    2 Bit        Muxes := 1     
	   2 Input    2 Bit        Muxes := 1     
	   2 Input    1 Bit        Muxes := 7     
	   4 Input    1 Bit        Muxes := 6     
---------------------------------------------------------------------------------
Finished RTL Component Statistics 
---------------------------------------------------------------------------------
---------------------------------------------------------------------------------
Start Part Resource Summary
---------------------------------------------------------------------------------
Part Resources:
DSPs: 90 (col length:60)
BRAMs: 100 (col length: RAMB18 60 RAMB36 30)
---------------------------------------------------------------------------------
Finished Part Resource Summary
---------------------------------------------------------------------------------
---------------------------------------------------------------------------------
Start Cross Boundary and Area Optimization
---------------------------------------------------------------------------------
WARNING: [Synth 8-7080] Parallel synthesis criteria is not met
---------------------------------------------------------------------------------
Finished Cross Boundary and Area Optimization : Time (s): cpu = 00:00:19 ; elapsed = 00:00:27 . Memory (MB): peak = 1417.676 ; gain = 529.707
---------------------------------------------------------------------------------
---------------------------------------------------------------------------------
Start Applying XDC Timing Constraints
---------------------------------------------------------------------------------
---------------------------------------------------------------------------------
Finished Applying XDC Timing Constraints : Time (s): cpu = 00:00:25 ; elapsed = 00:00:35 . Memory (MB): peak = 1417.676 ; gain = 529.707
---------------------------------------------------------------------------------
---------------------------------------------------------------------------------
Start Timing Optimization
---------------------------------------------------------------------------------
---------------------------------------------------------------------------------
Finished Timing Optimization : Time (s): cpu = 00:00:25 ; elapsed = 00:00:35 . Memory (MB): peak = 1417.676 ; gain = 529.707
---------------------------------------------------------------------------------
---------------------------------------------------------------------------------
Start Technology Mapping
---------------------------------------------------------------------------------
---------------------------------------------------------------------------------
Finished Technology Mapping : Time (s): cpu = 00:00:25 ; elapsed = 00:00:35 . Memory (MB): peak = 1417.676 ; gain = 529.707
---------------------------------------------------------------------------------
---------------------------------------------------------------------------------
Start IO Insertion
---------------------------------------------------------------------------------
---------------------------------------------------------------------------------
Start Flattening Before IO Insertion
---------------------------------------------------------------------------------
---------------------------------------------------------------------------------
Finished Flattening Before IO Insertion
---------------------------------------------------------------------------------
---------------------------------------------------------------------------------
Start Final Netlist Cleanup
---------------------------------------------------------------------------------
---------------------------------------------------------------------------------
Finished Final Netlist Cleanup
---------------------------------------------------------------------------------
---------------------------------------------------------------------------------
Finished IO Insertion : Time (s): cpu = 00:00:31 ; elapsed = 00:00:43 . Memory (MB): peak = 1417.676 ; gain = 529.707
---------------------------------------------------------------------------------
---------------------------------------------------------------------------------
Start Renaming Generated Instances
---------------------------------------------------------------------------------
---------------------------------------------------------------------------------
Finished Renaming Generated Instances : Time (s): cpu = 00:00:31 ; elapsed = 00:00:43 . Memory (MB): peak = 1417.676 ; gain = 529.707
---------------------------------------------------------------------------------
---------------------------------------------------------------------------------
Start Rebuilding User Hierarchy
---------------------------------------------------------------------------------
---------------------------------------------------------------------------------
Finished Rebuilding User Hierarchy : Time (s): cpu = 00:00:31 ; elapsed = 00:00:43 . Memory (MB): peak = 1417.676 ; gain = 529.707
---------------------------------------------------------------------------------
---------------------------------------------------------------------------------
Start Renaming Generated Ports
---------------------------------------------------------------------------------
---------------------------------------------------------------------------------
Finished Renaming Generated Ports : Time (s): cpu = 00:00:31 ; elapsed = 00:00:43 . Memory (MB): peak = 1417.676 ; gain = 529.707
---------------------------------------------------------------------------------
---------------------------------------------------------------------------------
Start Handling Custom Attributes
---------------------------------------------------------------------------------
---------------------------------------------------------------------------------
Finished Handling Custom Attributes : Time (s): cpu = 00:00:31 ; elapsed = 00:00:43 . Memory (MB): peak = 1417.676 ; gain = 529.707
---------------------------------------------------------------------------------
---------------------------------------------------------------------------------
Start Renaming Generated Nets
---------------------------------------------------------------------------------
---------------------------------------------------------------------------------
Finished Renaming Generated Nets : Time (s): cpu = 00:00:31 ; elapsed = 00:00:43 . Memory (MB): peak = 1417.676 ; gain = 529.707
---------------------------------------------------------------------------------
---------------------------------------------------------------------------------
Start Writing Synthesis Report
---------------------------------------------------------------------------------

Report BlackBoxes: 
+-+--------------+----------+
| |BlackBox name |Instances |
+-+--------------+----------+
+-+--------------+----------+

Report Cell Usage: 
+------+-----+------+
|      |Cell |Count |
+------+-----+------+
|1     |BUFG |     1|
|2     |LUT2 |     4|
|3     |LUT3 |    11|
|4     |LUT4 |     4|
|5     |LUT5 |     3|
|6     |LUT6 |    12|
|7     |FDCE |    24|
|8     |IBUF |    11|
|9     |OBUF |     2|
+------+-----+------+
---------------------------------------------------------------------------------
Finished Writing Synthesis Report : Time (s): cpu = 00:00:31 ; elapsed = 00:00:43 . Memory (MB): peak = 1417.676 ; gain = 529.707
---------------------------------------------------------------------------------
Synthesis finished with 0 errors, 0 critical warnings and 1 warnings.
Synthesis Optimization Runtime : Time (s): cpu = 00:00:20 ; elapsed = 00:00:41 . Memory (MB): peak = 1417.676 ; gain = 501.406
Synthesis Optimization Complete : Time (s): cpu = 00:00:31 ; elapsed = 00:00:43 . Memory (MB): peak = 1417.676 ; gain = 529.707
INFO: [Project 1-571] Translating synthesized netlist
Netlist sorting complete. Time (s): cpu = 00:00:00 ; elapsed = 00:00:00 . Memory (MB): peak = 1424.883 ; gain = 0.000
INFO: [Project 1-570] Preparing netlist for logic optimization
INFO: [Opt 31-138] Pushed 0 inverter(s) to 0 load pin(s).
Netlist sorting complete. Time (s): cpu = 00:00:00 ; elapsed = 00:00:00 . Memory (MB): peak = 1432.516 ; gain = 0.000
INFO: [Project 1-111] Unisim Transformation Summary:
No Unisim elements were transformed.

Synth Design complete | Checksum: 8bdbc5c0
INFO: [Common 17-83] Releasing license: Synthesis
29 Infos, 1 Warnings, 0 Critical Warnings and 0 Errors encountered.
synth_design completed successfully
synth_design: Time (s): cpu = 00:00:37 ; elapsed = 00:00:51 . Memory (MB): peak = 1432.516 ; gain = 924.648
INFO: [Common 17-1381] The checkpoint 'C:/Repo-Asus/VHDL-Basys3/MaquinaEstados/Serial-TX/Serial-TX.runs/synth_1/Transmisor.dcp' has been generated.
INFO: [runtcl-4] Executing : report_utilization -file Transmisor_utilization_synth.rpt -pb Transmisor_utilization_synth.pb
INFO: [Common 17-206] Exiting Vivado at Thu Sep 12 04:09:09 2024...
