
*** Running vivado
    with args -log Superior.vdi -applog -m64 -product Vivado -messageDb vivado.pb -mode batch -source Superior.tcl -notrace


ECHO est  desactivado.
ECHO est  desactivado.

****** Vivado v2023.1.1 (64-bit)
  **** SW Build 3900603 on Fri Jun 16 19:31:24 MDT 2023
  **** IP Build 3900379 on Sat Jun 17 05:28:05 MDT 2023
  **** SharedData Build 3899622 on Fri Jun 16 03:34:24 MDT 2023
    ** Copyright 1986-2022 Xilinx, Inc. All Rights Reserved.
    ** Copyright 2022-2023 Advanced Micro Devices, Inc. All Rights Reserved.

source Superior.tcl -notrace
create_project: Time (s): cpu = 00:00:13 ; elapsed = 00:00:14 . Memory (MB): peak = 484.660 ; gain = 200.449
Command: link_design -top Superior -part xc7a35tcpg236-1
Design is defaulting to srcset: sources_1
Design is defaulting to constrset: constrs_1
INFO: [Device 21-403] Loading part xc7a35tcpg236-1
Netlist sorting complete. Time (s): cpu = 00:00:00 ; elapsed = 00:00:00.004 . Memory (MB): peak = 888.539 ; gain = 0.000
INFO: [Netlist 29-17] Analyzing 37 Unisim elements for replacement
INFO: [Netlist 29-28] Unisim Transformation completed in 0 CPU seconds
INFO: [Project 1-479] Netlist was created with Vivado 2023.1.1
INFO: [Project 1-570] Preparing netlist for logic optimization
Parsing XDC File [C:/Repo-Asus-2024/ExpndioConCambio/retoCorteUno.srcs/constrs_1/new/pines.xdc]
Finished Parsing XDC File [C:/Repo-Asus-2024/ExpndioConCambio/retoCorteUno.srcs/constrs_1/new/pines.xdc]
INFO: [Opt 31-138] Pushed 0 inverter(s) to 0 load pin(s).
Netlist sorting complete. Time (s): cpu = 00:00:00 ; elapsed = 00:00:00.001 . Memory (MB): peak = 1018.840 ; gain = 0.000
INFO: [Project 1-111] Unisim Transformation Summary:
No Unisim elements were transformed.

7 Infos, 0 Warnings, 0 Critical Warnings and 0 Errors encountered.
link_design completed successfully
link_design: Time (s): cpu = 00:00:09 ; elapsed = 00:00:12 . Memory (MB): peak = 1023.852 ; gain = 534.598
Command: opt_design
Attempting to get a license for feature 'Implementation' and/or device 'xc7a35t'
INFO: [Common 17-349] Got license for feature 'Implementation' and/or device 'xc7a35t'
Running DRC as a precondition to command opt_design

Starting DRC Task
INFO: [DRC 23-27] Running DRC with 2 threads
INFO: [Project 1-461] DRC finished with 0 Errors
INFO: [Project 1-462] Please refer to the DRC report (report_drc) for more information.

Time (s): cpu = 00:00:02 ; elapsed = 00:00:02 . Memory (MB): peak = 1043.840 ; gain = 19.988

Starting Cache Timing Information Task
INFO: [Timing 38-35] Done setting XDC timing constraints.
Ending Cache Timing Information Task | Checksum: 12554610f

Time (s): cpu = 00:00:12 ; elapsed = 00:00:12 . Memory (MB): peak = 1594.105 ; gain = 550.266

Starting Logic Optimization Task

Phase 1 Retarget
INFO: [Opt 31-138] Pushed 0 inverter(s) to 0 load pin(s).
INFO: [Opt 31-49] Retargeted 0 cell(s).
Phase 1 Retarget | Checksum: 12554610f

Time (s): cpu = 00:00:00 ; elapsed = 00:00:00.053 . Memory (MB): peak = 1934.254 ; gain = 0.000
INFO: [Opt 31-389] Phase Retarget created 0 cells and removed 0 cells

Phase 2 Constant propagation
INFO: [Opt 31-138] Pushed 0 inverter(s) to 0 load pin(s).
Phase 2 Constant propagation | Checksum: 12554610f

Time (s): cpu = 00:00:00 ; elapsed = 00:00:00.059 . Memory (MB): peak = 1934.254 ; gain = 0.000
INFO: [Opt 31-389] Phase Constant propagation created 0 cells and removed 0 cells

Phase 3 Sweep
Phase 3 Sweep | Checksum: 12dbd0caa

Time (s): cpu = 00:00:00 ; elapsed = 00:00:00.069 . Memory (MB): peak = 1934.254 ; gain = 0.000
INFO: [Opt 31-389] Phase Sweep created 0 cells and removed 0 cells

Phase 4 BUFG optimization
Phase 4 BUFG optimization | Checksum: 12dbd0caa

Time (s): cpu = 00:00:00 ; elapsed = 00:00:00.150 . Memory (MB): peak = 1934.254 ; gain = 0.000
INFO: [Opt 31-662] Phase BUFG optimization created 0 cells of which 0 are BUFGs and removed 0 cells.

Phase 5 Shift Register Optimization
INFO: [Opt 31-1064] SRL Remap converted 0 SRLs to 0 registers and converted 0 registers of register chains to 0 SRLs
Phase 5 Shift Register Optimization | Checksum: 1cf66fe17

Time (s): cpu = 00:00:00 ; elapsed = 00:00:00.178 . Memory (MB): peak = 1934.254 ; gain = 0.000
INFO: [Opt 31-389] Phase Shift Register Optimization created 0 cells and removed 0 cells

Phase 6 Post Processing Netlist
Phase 6 Post Processing Netlist | Checksum: 1cf66fe17

Time (s): cpu = 00:00:00 ; elapsed = 00:00:00.182 . Memory (MB): peak = 1934.254 ; gain = 0.000
INFO: [Opt 31-389] Phase Post Processing Netlist created 0 cells and removed 0 cells
Opt_design Change Summary
=========================


-------------------------------------------------------------------------------------------------------------------------
|  Phase                        |  #Cells created  |  #Cells Removed  |  #Constrained objects preventing optimizations  |
-------------------------------------------------------------------------------------------------------------------------
|  Retarget                     |               0  |               0  |                                              0  |
|  Constant propagation         |               0  |               0  |                                              0  |
|  Sweep                        |               0  |               0  |                                              0  |
|  BUFG optimization            |               0  |               0  |                                              0  |
|  Shift Register Optimization  |               0  |               0  |                                              0  |
|  Post Processing Netlist      |               0  |               0  |                                              0  |
-------------------------------------------------------------------------------------------------------------------------



Starting Connectivity Check Task

Time (s): cpu = 00:00:00 ; elapsed = 00:00:00.002 . Memory (MB): peak = 1934.254 ; gain = 0.000
Ending Logic Optimization Task | Checksum: 1cf66fe17

Time (s): cpu = 00:00:00 ; elapsed = 00:00:00.190 . Memory (MB): peak = 1934.254 ; gain = 0.000

Starting Power Optimization Task
INFO: [Pwropt 34-132] Skipping clock gating for clocks with a period < 2.00 ns.
Ending Power Optimization Task | Checksum: 1cf66fe17

Time (s): cpu = 00:00:00 ; elapsed = 00:00:00.017 . Memory (MB): peak = 1934.254 ; gain = 0.000

Starting Final Cleanup Task
Ending Final Cleanup Task | Checksum: 1cf66fe17

Time (s): cpu = 00:00:00 ; elapsed = 00:00:00 . Memory (MB): peak = 1934.254 ; gain = 0.000

Starting Netlist Obfuscation Task
Netlist sorting complete. Time (s): cpu = 00:00:00 ; elapsed = 00:00:00 . Memory (MB): peak = 1934.254 ; gain = 0.000
Ending Netlist Obfuscation Task | Checksum: 1cf66fe17

Time (s): cpu = 00:00:00 ; elapsed = 00:00:00 . Memory (MB): peak = 1934.254 ; gain = 0.000
INFO: [Common 17-83] Releasing license: Implementation
24 Infos, 0 Warnings, 0 Critical Warnings and 0 Errors encountered.
opt_design completed successfully
opt_design: Time (s): cpu = 00:00:19 ; elapsed = 00:00:20 . Memory (MB): peak = 1934.254 ; gain = 910.402
INFO: [runtcl-4] Executing : report_drc -file Superior_drc_opted.rpt -pb Superior_drc_opted.pb -rpx Superior_drc_opted.rpx
Command: report_drc -file Superior_drc_opted.rpt -pb Superior_drc_opted.pb -rpx Superior_drc_opted.rpx
INFO: [IP_Flow 19-234] Refreshing IP repositories
INFO: [IP_Flow 19-1704] No user IP repositories specified
INFO: [IP_Flow 19-2313] Loaded Vivado IP repository 'C:/Xilinx/Vivado/2023.1/data/ip'.
INFO: [DRC 23-27] Running DRC with 2 threads
INFO: [Vivado_Tcl 2-168] The results of DRC are in file C:/Repo-Asus-2024/ExpndioConCambio/retoCorteUno.runs/impl_1/Superior_drc_opted.rpt.
report_drc completed successfully
INFO: [Timing 38-480] Writing timing data to binary archive.
Writing XDEF routing.
Writing XDEF routing logical nets.
Writing XDEF routing special nets.
Write XDEF Complete: Time (s): cpu = 00:00:01 ; elapsed = 00:00:00.058 . Memory (MB): peak = 1934.254 ; gain = 0.000
INFO: [Common 17-1381] The checkpoint 'C:/Repo-Asus-2024/ExpndioConCambio/retoCorteUno.runs/impl_1/Superior_opt.dcp' has been generated.
Command: place_design
Attempting to get a license for feature 'Implementation' and/or device 'xc7a35t'
INFO: [Common 17-349] Got license for feature 'Implementation' and/or device 'xc7a35t'
INFO: [DRC 23-27] Running DRC with 2 threads
INFO: [Vivado_Tcl 4-198] DRC finished with 0 Errors
INFO: [Vivado_Tcl 4-199] Please refer to the DRC report (report_drc) for more information.
Running DRC as a precondition to command place_design
INFO: [DRC 23-27] Running DRC with 2 threads
INFO: [Vivado_Tcl 4-198] DRC finished with 0 Errors
INFO: [Vivado_Tcl 4-199] Please refer to the DRC report (report_drc) for more information.

Starting Placer Task
INFO: [Place 30-611] Multithreading enabled for place_design using a maximum of 2 CPUs

Phase 1 Placer Initialization

Phase 1.1 Placer Initialization Netlist Sorting
Netlist sorting complete. Time (s): cpu = 00:00:00 ; elapsed = 00:00:00 . Memory (MB): peak = 1934.254 ; gain = 0.000
Phase 1.1 Placer Initialization Netlist Sorting | Checksum: 13640a6a6

Time (s): cpu = 00:00:00 ; elapsed = 00:00:00.010 . Memory (MB): peak = 1934.254 ; gain = 0.000
Netlist sorting complete. Time (s): cpu = 00:00:00 ; elapsed = 00:00:00.001 . Memory (MB): peak = 1934.254 ; gain = 0.000

Phase 1.2 IO Placement/ Clock Placement/ Build Placer Device
INFO: [Timing 38-35] Done setting XDC timing constraints.
Phase 1.2 IO Placement/ Clock Placement/ Build Placer Device | Checksum: 76ed20ac

Time (s): cpu = 00:00:01 ; elapsed = 00:00:00.396 . Memory (MB): peak = 1934.254 ; gain = 0.000

Phase 1.3 Build Placer Netlist Model
Phase 1.3 Build Placer Netlist Model | Checksum: 140eee436

Time (s): cpu = 00:00:01 ; elapsed = 00:00:00.673 . Memory (MB): peak = 1934.254 ; gain = 0.000

Phase 1.4 Constrain Clocks/Macros
Phase 1.4 Constrain Clocks/Macros | Checksum: 140eee436

Time (s): cpu = 00:00:01 ; elapsed = 00:00:00.678 . Memory (MB): peak = 1934.254 ; gain = 0.000
Phase 1 Placer Initialization | Checksum: 140eee436

Time (s): cpu = 00:00:01 ; elapsed = 00:00:00.684 . Memory (MB): peak = 1934.254 ; gain = 0.000

Phase 2 Global Placement

Phase 2.1 Floorplanning
Phase 2.1 Floorplanning | Checksum: 124788272

Time (s): cpu = 00:00:01 ; elapsed = 00:00:00.941 . Memory (MB): peak = 1934.254 ; gain = 0.000

Phase 2.2 Update Timing before SLR Path Opt
Phase 2.2 Update Timing before SLR Path Opt | Checksum: 17381dae8

Time (s): cpu = 00:00:01 ; elapsed = 00:00:01 . Memory (MB): peak = 1934.254 ; gain = 0.000

Phase 2.3 Post-Processing in Floorplanning
Phase 2.3 Post-Processing in Floorplanning | Checksum: 17381dae8

Time (s): cpu = 00:00:01 ; elapsed = 00:00:01 . Memory (MB): peak = 1934.254 ; gain = 0.000

Phase 2.4 Global Placement Core

Phase 2.4.1 UpdateTiming Before Physical Synthesis
Phase 2.4.1 UpdateTiming Before Physical Synthesis | Checksum: 7f5631e9

Time (s): cpu = 00:00:05 ; elapsed = 00:00:05 . Memory (MB): peak = 1934.254 ; gain = 0.000

Phase 2.4.2 Physical Synthesis In Placer
INFO: [Physopt 32-1035] Found 0 LUTNM shape to break, 4 LUT instances to create LUTNM shape
INFO: [Physopt 32-1044] Break lutnm for timing: one critical 0, two critical 0, total 0, new lutff created 0
INFO: [Physopt 32-1138] End 1 Pass. Optimized 2 nets or LUTs. Breaked 0 LUT, combined 2 existing LUTs and moved 0 existing LUT
INFO: [Physopt 32-65] No nets found for high-fanout optimization.
INFO: [Physopt 32-232] Optimized 0 net. Created 0 new instance.
INFO: [Physopt 32-775] End 1 Pass. Optimized 0 net or cell. Created 0 new cell, deleted 0 existing cell and moved 0 existing cell
INFO: [Physopt 32-670] No setup violation found.  DSP Register Optimization was not performed.
INFO: [Physopt 32-670] No setup violation found.  Shift Register to Pipeline Optimization was not performed.
INFO: [Physopt 32-670] No setup violation found.  Shift Register Optimization was not performed.
INFO: [Physopt 32-670] No setup violation found.  BRAM Register Optimization was not performed.
INFO: [Physopt 32-670] No setup violation found.  URAM Register Optimization was not performed.
INFO: [Physopt 32-949] No candidate nets found for dynamic/static region interface net replication
INFO: [Physopt 32-775] End 1 Pass. Optimized 0 net or cell. Created 0 new cell, deleted 0 existing cell and moved 0 existing cell
Netlist sorting complete. Time (s): cpu = 00:00:00 ; elapsed = 00:00:00 . Memory (MB): peak = 1934.254 ; gain = 0.000

Summary of Physical Synthesis Optimizations
============================================


-----------------------------------------------------------------------------------------------------------------------------------------------------------
|  Optimization                                     |  Added Cells  |  Removed Cells  |  Optimized Cells/Nets  |  Dont Touch  |  Iterations  |  Elapsed   |
-----------------------------------------------------------------------------------------------------------------------------------------------------------
|  LUT Combining                                    |            0  |              2  |                     2  |           0  |           1  |  00:00:00  |
|  Retime                                           |            0  |              0  |                     0  |           0  |           1  |  00:00:00  |
|  Very High Fanout                                 |            0  |              0  |                     0  |           0  |           1  |  00:00:00  |
|  DSP Register                                     |            0  |              0  |                     0  |           0  |           0  |  00:00:00  |
|  Shift Register to Pipeline                       |            0  |              0  |                     0  |           0  |           0  |  00:00:00  |
|  Shift Register                                   |            0  |              0  |                     0  |           0  |           0  |  00:00:00  |
|  BRAM Register                                    |            0  |              0  |                     0  |           0  |           0  |  00:00:00  |
|  URAM Register                                    |            0  |              0  |                     0  |           0  |           0  |  00:00:00  |
|  Dynamic/Static Region Interface Net Replication  |            0  |              0  |                     0  |           0  |           1  |  00:00:00  |
|  Total                                            |            0  |              2  |                     2  |           0  |           4  |  00:00:00  |
-----------------------------------------------------------------------------------------------------------------------------------------------------------


Phase 2.4.2 Physical Synthesis In Placer | Checksum: 1149a0cb6

Time (s): cpu = 00:00:05 ; elapsed = 00:00:05 . Memory (MB): peak = 1934.254 ; gain = 0.000
Phase 2.4 Global Placement Core | Checksum: 1306e9e4e

Time (s): cpu = 00:00:05 ; elapsed = 00:00:05 . Memory (MB): peak = 1934.254 ; gain = 0.000
Phase 2 Global Placement | Checksum: 1306e9e4e

Time (s): cpu = 00:00:05 ; elapsed = 00:00:05 . Memory (MB): peak = 1934.254 ; gain = 0.000

Phase 3 Detail Placement

Phase 3.1 Commit Multi Column Macros
Phase 3.1 Commit Multi Column Macros | Checksum: c650cec9

Time (s): cpu = 00:00:05 ; elapsed = 00:00:05 . Memory (MB): peak = 1934.254 ; gain = 0.000

Phase 3.2 Commit Most Macros & LUTRAMs
Phase 3.2 Commit Most Macros & LUTRAMs | Checksum: 1c40b3949

Time (s): cpu = 00:00:05 ; elapsed = 00:00:05 . Memory (MB): peak = 1934.254 ; gain = 0.000

Phase 3.3 Area Swap Optimization
Phase 3.3 Area Swap Optimization | Checksum: 1a08749d1

Time (s): cpu = 00:00:05 ; elapsed = 00:00:05 . Memory (MB): peak = 1934.254 ; gain = 0.000

Phase 3.4 Pipeline Register Optimization
Phase 3.4 Pipeline Register Optimization | Checksum: 1e1e9262e

Time (s): cpu = 00:00:05 ; elapsed = 00:00:05 . Memory (MB): peak = 1934.254 ; gain = 0.000

Phase 3.5 Small Shape Detail Placement
Phase 3.5 Small Shape Detail Placement | Checksum: 20201dd17

Time (s): cpu = 00:00:06 ; elapsed = 00:00:06 . Memory (MB): peak = 1934.254 ; gain = 0.000

Phase 3.6 Re-assign LUT pins
Phase 3.6 Re-assign LUT pins | Checksum: 1b1ee68ee

Time (s): cpu = 00:00:06 ; elapsed = 00:00:06 . Memory (MB): peak = 1934.254 ; gain = 0.000

Phase 3.7 Pipeline Register Optimization
Phase 3.7 Pipeline Register Optimization | Checksum: 171144591

Time (s): cpu = 00:00:06 ; elapsed = 00:00:06 . Memory (MB): peak = 1934.254 ; gain = 0.000
Phase 3 Detail Placement | Checksum: 171144591

Time (s): cpu = 00:00:06 ; elapsed = 00:00:06 . Memory (MB): peak = 1934.254 ; gain = 0.000

Phase 4 Post Placement Optimization and Clean-Up

Phase 4.1 Post Commit Optimization
INFO: [Timing 38-35] Done setting XDC timing constraints.

Phase 4.1.1 Post Placement Optimization
Post Placement Optimization Initialization | Checksum: e470431a

Phase 4.1.1.1 BUFG Insertion

Starting Physical Synthesis Task

Phase 1 Physical Synthesis Initialization
INFO: [Physopt 32-721] Multithreading enabled for phys_opt_design using a maximum of 2 CPUs
INFO: [Physopt 32-619] Estimated Timing Summary | WNS=6.153 | TNS=0.000 |
Phase 1 Physical Synthesis Initialization | Checksum: eb1338c7

Time (s): cpu = 00:00:00 ; elapsed = 00:00:00.048 . Memory (MB): peak = 1934.254 ; gain = 0.000
INFO: [Place 46-56] BUFG insertion identified 0 candidate nets. Inserted BUFG: 0, Replicated BUFG Driver: 0, Skipped due to Placement/Routing Conflicts: 0, Skipped due to Timing Degradation: 0, Skipped due to netlist editing failed: 0.
Ending Physical Synthesis Task | Checksum: eb1338c7

Time (s): cpu = 00:00:00 ; elapsed = 00:00:00.056 . Memory (MB): peak = 1934.254 ; gain = 0.000
Phase 4.1.1.1 BUFG Insertion | Checksum: e470431a

Time (s): cpu = 00:00:06 ; elapsed = 00:00:06 . Memory (MB): peak = 1934.254 ; gain = 0.000

Phase 4.1.1.2 Post Placement Timing Optimization
INFO: [Place 30-746] Post Placement Timing Summary WNS=6.153. For the most accurate timing information please run report_timing.
Phase 4.1.1.2 Post Placement Timing Optimization | Checksum: 147a7aed7

Time (s): cpu = 00:00:06 ; elapsed = 00:00:06 . Memory (MB): peak = 1934.254 ; gain = 0.000

Time (s): cpu = 00:00:06 ; elapsed = 00:00:06 . Memory (MB): peak = 1934.254 ; gain = 0.000
Phase 4.1 Post Commit Optimization | Checksum: 147a7aed7

Time (s): cpu = 00:00:06 ; elapsed = 00:00:06 . Memory (MB): peak = 1934.254 ; gain = 0.000

Phase 4.2 Post Placement Cleanup
Phase 4.2 Post Placement Cleanup | Checksum: 147a7aed7

Time (s): cpu = 00:00:06 ; elapsed = 00:00:06 . Memory (MB): peak = 1934.254 ; gain = 0.000

Phase 4.3 Placer Reporting

Phase 4.3.1 Print Estimated Congestion
INFO: [Place 30-612] Post-Placement Estimated Congestion 
 ____________________________________________________
|           | Global Congestion | Short Congestion  |
| Direction | Region Size       | Region Size       |
|___________|___________________|___________________|
|      North|                1x1|                1x1|
|___________|___________________|___________________|
|      South|                1x1|                1x1|
|___________|___________________|___________________|
|       East|                1x1|                1x1|
|___________|___________________|___________________|
|       West|                1x1|                1x1|
|___________|___________________|___________________|

Phase 4.3.1 Print Estimated Congestion | Checksum: 147a7aed7

Time (s): cpu = 00:00:06 ; elapsed = 00:00:06 . Memory (MB): peak = 1934.254 ; gain = 0.000
Phase 4.3 Placer Reporting | Checksum: 147a7aed7

Time (s): cpu = 00:00:06 ; elapsed = 00:00:06 . Memory (MB): peak = 1934.254 ; gain = 0.000

Phase 4.4 Final Placement Cleanup
Netlist sorting complete. Time (s): cpu = 00:00:00 ; elapsed = 00:00:00 . Memory (MB): peak = 1934.254 ; gain = 0.000

Time (s): cpu = 00:00:06 ; elapsed = 00:00:06 . Memory (MB): peak = 1934.254 ; gain = 0.000
Phase 4 Post Placement Optimization and Clean-Up | Checksum: 19a5987a0

Time (s): cpu = 00:00:06 ; elapsed = 00:00:06 . Memory (MB): peak = 1934.254 ; gain = 0.000
Ending Placer Task | Checksum: a49eba1f

Time (s): cpu = 00:00:06 ; elapsed = 00:00:06 . Memory (MB): peak = 1934.254 ; gain = 0.000
INFO: [Common 17-83] Releasing license: Implementation
61 Infos, 0 Warnings, 0 Critical Warnings and 0 Errors encountered.
place_design completed successfully
place_design: Time (s): cpu = 00:00:08 ; elapsed = 00:00:08 . Memory (MB): peak = 1934.254 ; gain = 0.000
INFO: [runtcl-4] Executing : report_io -file Superior_io_placed.rpt
report_io: Time (s): cpu = 00:00:00 ; elapsed = 00:00:00.074 . Memory (MB): peak = 1934.254 ; gain = 0.000
INFO: [runtcl-4] Executing : report_utilization -file Superior_utilization_placed.rpt -pb Superior_utilization_placed.pb
INFO: [runtcl-4] Executing : report_control_sets -verbose -file Superior_control_sets_placed.rpt
report_control_sets: Time (s): cpu = 00:00:00 ; elapsed = 00:00:00.003 . Memory (MB): peak = 1934.254 ; gain = 0.000
INFO: [Timing 38-480] Writing timing data to binary archive.
Writing XDEF routing.
Writing XDEF routing logical nets.
Writing XDEF routing special nets.
Write XDEF Complete: Time (s): cpu = 00:00:01 ; elapsed = 00:00:00.139 . Memory (MB): peak = 1934.254 ; gain = 0.000
INFO: [Common 17-1381] The checkpoint 'C:/Repo-Asus-2024/ExpndioConCambio/retoCorteUno.runs/impl_1/Superior_placed.dcp' has been generated.
Command: route_design
Attempting to get a license for feature 'Implementation' and/or device 'xc7a35t'
INFO: [Common 17-349] Got license for feature 'Implementation' and/or device 'xc7a35t'
Running DRC as a precondition to command route_design
INFO: [DRC 23-27] Running DRC with 2 threads
INFO: [Vivado_Tcl 4-198] DRC finished with 0 Errors
INFO: [Vivado_Tcl 4-199] Please refer to the DRC report (report_drc) for more information.


Starting Routing Task
INFO: [Route 35-254] Multithreading enabled for route_design using a maximum of 2 CPUs

Phase 1 Build RT Design
Checksum: PlaceDB: 4c971de ConstDB: 0 ShapeSum: 9fd54841 RouteDB: 0
Post Restoration Checksum: NetGraph: 866aada2 | NumContArr: ddfee98a | Constraints: 190a55ad | Timing: 0
Phase 1 Build RT Design | Checksum: 17d73ecd9

Time (s): cpu = 00:00:35 ; elapsed = 00:00:33 . Memory (MB): peak = 2032.090 ; gain = 97.836

Phase 2 Router Initialization

Phase 2.1 Fix Topology Constraints
Phase 2.1 Fix Topology Constraints | Checksum: 17d73ecd9

Time (s): cpu = 00:00:35 ; elapsed = 00:00:33 . Memory (MB): peak = 2032.090 ; gain = 97.836

Phase 2.2 Pre Route Cleanup
Phase 2.2 Pre Route Cleanup | Checksum: 17d73ecd9

Time (s): cpu = 00:00:35 ; elapsed = 00:00:33 . Memory (MB): peak = 2032.090 ; gain = 97.836
 Number of Nodes with overlaps = 0

Phase 2.3 Update Timing
Phase 2.3 Update Timing | Checksum: 1b0b9632e

Time (s): cpu = 00:00:36 ; elapsed = 00:00:34 . Memory (MB): peak = 2037.883 ; gain = 103.629
INFO: [Route 35-416] Intermediate Timing Summary | WNS=6.084  | TNS=0.000  | WHS=-0.109 | THS=-2.522 |


Router Utilization Summary
  Global Vertical Routing Utilization    = 0.00119589 %
  Global Horizontal Routing Utilization  = 0.000780843 %
  Routable Net Status*
  *Does not include unroutable nets such as driverless and loadless.
  Run report_route_status for detailed report.
  Number of Failed Nets               = 470
    (Failed Nets is the sum of unrouted and partially routed nets)
  Number of Unrouted Nets             = 457
  Number of Partially Routed Nets     = 13
  Number of Node Overlaps             = 10

Phase 2 Router Initialization | Checksum: 1a87b9098

Time (s): cpu = 00:00:37 ; elapsed = 00:00:34 . Memory (MB): peak = 2037.883 ; gain = 103.629

Phase 3 Initial Routing

Phase 3.1 Global Routing
Phase 3.1 Global Routing | Checksum: 1a87b9098

Time (s): cpu = 00:00:37 ; elapsed = 00:00:34 . Memory (MB): peak = 2037.883 ; gain = 103.629
Phase 3 Initial Routing | Checksum: 2e12d2716

Time (s): cpu = 00:00:37 ; elapsed = 00:00:34 . Memory (MB): peak = 2037.883 ; gain = 103.629

Phase 4 Rip-up And Reroute

Phase 4.1 Global Iteration 0
 Number of Nodes with overlaps = 28
 Number of Nodes with overlaps = 0
INFO: [Route 35-416] Intermediate Timing Summary | WNS=5.433  | TNS=0.000  | WHS=N/A    | THS=N/A    |

Phase 4.1 Global Iteration 0 | Checksum: 17b25d0ef

Time (s): cpu = 00:00:37 ; elapsed = 00:00:34 . Memory (MB): peak = 2037.883 ; gain = 103.629

Phase 4.2 Global Iteration 1
 Number of Nodes with overlaps = 1
 Number of Nodes with overlaps = 0
INFO: [Route 35-416] Intermediate Timing Summary | WNS=5.433  | TNS=0.000  | WHS=N/A    | THS=N/A    |

Phase 4.2 Global Iteration 1 | Checksum: 1df878c45

Time (s): cpu = 00:00:37 ; elapsed = 00:00:34 . Memory (MB): peak = 2037.883 ; gain = 103.629
Phase 4 Rip-up And Reroute | Checksum: 1df878c45

Time (s): cpu = 00:00:37 ; elapsed = 00:00:34 . Memory (MB): peak = 2037.883 ; gain = 103.629

Phase 5 Delay and Skew Optimization

Phase 5.1 Delay CleanUp
Phase 5.1 Delay CleanUp | Checksum: 1df878c45

Time (s): cpu = 00:00:37 ; elapsed = 00:00:34 . Memory (MB): peak = 2037.883 ; gain = 103.629

Phase 5.2 Clock Skew Optimization
Phase 5.2 Clock Skew Optimization | Checksum: 1df878c45

Time (s): cpu = 00:00:37 ; elapsed = 00:00:34 . Memory (MB): peak = 2037.883 ; gain = 103.629
Phase 5 Delay and Skew Optimization | Checksum: 1df878c45

Time (s): cpu = 00:00:37 ; elapsed = 00:00:34 . Memory (MB): peak = 2037.883 ; gain = 103.629

Phase 6 Post Hold Fix

Phase 6.1 Hold Fix Iter

Phase 6.1.1 Update Timing
Phase 6.1.1 Update Timing | Checksum: 1df536c33

Time (s): cpu = 00:00:37 ; elapsed = 00:00:34 . Memory (MB): peak = 2037.883 ; gain = 103.629
INFO: [Route 35-416] Intermediate Timing Summary | WNS=5.512  | TNS=0.000  | WHS=0.131  | THS=0.000  |

Phase 6.1 Hold Fix Iter | Checksum: 12bd5fa57

Time (s): cpu = 00:00:37 ; elapsed = 00:00:34 . Memory (MB): peak = 2037.883 ; gain = 103.629
Phase 6 Post Hold Fix | Checksum: 12bd5fa57

Time (s): cpu = 00:00:37 ; elapsed = 00:00:34 . Memory (MB): peak = 2037.883 ; gain = 103.629

Phase 7 Route finalize

Router Utilization Summary
  Global Vertical Routing Utilization    = 0.0722315 %
  Global Horizontal Routing Utilization  = 0.103852 %
  Routable Net Status*
  *Does not include unroutable nets such as driverless and loadless.
  Run report_route_status for detailed report.
  Number of Failed Nets               = 0
    (Failed Nets is the sum of unrouted and partially routed nets)
  Number of Unrouted Nets             = 0
  Number of Partially Routed Nets     = 0
  Number of Node Overlaps             = 0

Phase 7 Route finalize | Checksum: 1e2ea62a0

Time (s): cpu = 00:00:37 ; elapsed = 00:00:34 . Memory (MB): peak = 2037.883 ; gain = 103.629

Phase 8 Verifying routed nets

 Verification completed successfully
Phase 8 Verifying routed nets | Checksum: 1e2ea62a0

Time (s): cpu = 00:00:37 ; elapsed = 00:00:34 . Memory (MB): peak = 2038.094 ; gain = 103.840

Phase 9 Depositing Routes
Phase 9 Depositing Routes | Checksum: 22c17f916

Time (s): cpu = 00:00:38 ; elapsed = 00:00:35 . Memory (MB): peak = 2038.094 ; gain = 103.840

Phase 10 Post Router Timing
INFO: [Route 35-57] Estimated Timing Summary | WNS=5.512  | TNS=0.000  | WHS=0.131  | THS=0.000  |

INFO: [Route 35-327] The final timing numbers are based on the router estimated timing analysis. For a complete and accurate timing signoff, please run report_timing_summary.
Phase 10 Post Router Timing | Checksum: 22c17f916

Time (s): cpu = 00:00:38 ; elapsed = 00:00:35 . Memory (MB): peak = 2038.094 ; gain = 103.840
INFO: [Route 35-16] Router Completed Successfully

Phase 11 Post-Route Event Processing
Phase 11 Post-Route Event Processing | Checksum: c9b563c9

Time (s): cpu = 00:00:38 ; elapsed = 00:00:35 . Memory (MB): peak = 2038.094 ; gain = 103.840

Time (s): cpu = 00:00:38 ; elapsed = 00:00:35 . Memory (MB): peak = 2038.094 ; gain = 103.840

Routing Is Done.
INFO: [Common 17-83] Releasing license: Implementation
79 Infos, 0 Warnings, 0 Critical Warnings and 0 Errors encountered.
route_design completed successfully
route_design: Time (s): cpu = 00:00:40 ; elapsed = 00:00:36 . Memory (MB): peak = 2038.094 ; gain = 103.840
INFO: [runtcl-4] Executing : report_drc -file Superior_drc_routed.rpt -pb Superior_drc_routed.pb -rpx Superior_drc_routed.rpx
Command: report_drc -file Superior_drc_routed.rpt -pb Superior_drc_routed.pb -rpx Superior_drc_routed.rpx
INFO: [IP_Flow 19-1839] IP Catalog is up to date.
INFO: [DRC 23-27] Running DRC with 2 threads
INFO: [Vivado_Tcl 2-168] The results of DRC are in file C:/Repo-Asus-2024/ExpndioConCambio/retoCorteUno.runs/impl_1/Superior_drc_routed.rpt.
report_drc completed successfully
INFO: [runtcl-4] Executing : report_methodology -file Superior_methodology_drc_routed.rpt -pb Superior_methodology_drc_routed.pb -rpx Superior_methodology_drc_routed.rpx
Command: report_methodology -file Superior_methodology_drc_routed.rpt -pb Superior_methodology_drc_routed.pb -rpx Superior_methodology_drc_routed.rpx
INFO: [Timing 38-35] Done setting XDC timing constraints.
INFO: [DRC 23-133] Running Methodology with 2 threads
INFO: [Vivado_Tcl 2-1520] The results of Report Methodology are in file C:/Repo-Asus-2024/ExpndioConCambio/retoCorteUno.runs/impl_1/Superior_methodology_drc_routed.rpt.
report_methodology completed successfully
INFO: [runtcl-4] Executing : report_power -file Superior_power_routed.rpt -pb Superior_power_summary_routed.pb -rpx Superior_power_routed.rpx
Command: report_power -file Superior_power_routed.rpt -pb Superior_power_summary_routed.pb -rpx Superior_power_routed.rpx
INFO: [Timing 38-35] Done setting XDC timing constraints.
Running Vector-less Activity Propagation...

Finished Running Vector-less Activity Propagation
89 Infos, 0 Warnings, 0 Critical Warnings and 0 Errors encountered.
report_power completed successfully
INFO: [runtcl-4] Executing : report_route_status -file Superior_route_status.rpt -pb Superior_route_status.pb
INFO: [runtcl-4] Executing : report_timing_summary -max_paths 10 -file Superior_timing_summary_routed.rpt -pb Superior_timing_summary_routed.pb -rpx Superior_timing_summary_routed.rpx -warn_on_violation 
INFO: [Timing 38-91] UpdateTimingParams: Speed grade: -1, Delay Type: min_max.
INFO: [Timing 38-191] Multithreading enabled for timing update using a maximum of 2 CPUs
INFO: [runtcl-4] Executing : report_incremental_reuse -file Superior_incremental_reuse_routed.rpt
INFO: [Vivado_Tcl 4-1062] Incremental flow is disabled. No incremental reuse Info to report.
INFO: [runtcl-4] Executing : report_clock_utilization -file Superior_clock_utilization_routed.rpt
INFO: [runtcl-4] Executing : report_bus_skew -warn_on_violation -file Superior_bus_skew_routed.rpt -pb Superior_bus_skew_routed.pb -rpx Superior_bus_skew_routed.rpx
INFO: [Timing 38-91] UpdateTimingParams: Speed grade: -1, Delay Type: min_max.
INFO: [Timing 38-191] Multithreading enabled for timing update using a maximum of 2 CPUs
INFO: [Timing 38-480] Writing timing data to binary archive.
Writing XDEF routing.
Writing XDEF routing logical nets.
Writing XDEF routing special nets.
Write XDEF Complete: Time (s): cpu = 00:00:00 ; elapsed = 00:00:00.185 . Memory (MB): peak = 2078.066 ; gain = 0.000
INFO: [Common 17-1381] The checkpoint 'C:/Repo-Asus-2024/ExpndioConCambio/retoCorteUno.runs/impl_1/Superior_routed.dcp' has been generated.
INFO: [Common 17-206] Exiting Vivado at Tue Apr  1 15:26:35 2025...

*** Running vivado
    with args -log Superior.vdi -applog -m64 -product Vivado -messageDb vivado.pb -mode batch -source Superior.tcl -notrace


ECHO est  desactivado.
ECHO est  desactivado.

****** Vivado v2023.1.1 (64-bit)
  **** SW Build 3900603 on Fri Jun 16 19:31:24 MDT 2023
  **** IP Build 3900379 on Sat Jun 17 05:28:05 MDT 2023
  **** SharedData Build 3899622 on Fri Jun 16 03:34:24 MDT 2023
    ** Copyright 1986-2022 Xilinx, Inc. All Rights Reserved.
    ** Copyright 2022-2023 Advanced Micro Devices, Inc. All Rights Reserved.

source Superior.tcl -notrace
Command: open_checkpoint Superior_routed.dcp
INFO: [Device 21-403] Loading part xc7a35tcpg236-1
Netlist sorting complete. Time (s): cpu = 00:00:00 ; elapsed = 00:00:00.004 . Memory (MB): peak = 887.637 ; gain = 0.000
INFO: [Netlist 29-17] Analyzing 37 Unisim elements for replacement
INFO: [Netlist 29-28] Unisim Transformation completed in 0 CPU seconds
INFO: [Project 1-479] Netlist was created with Vivado 2023.1.1
INFO: [Project 1-570] Preparing netlist for logic optimization
INFO: [Timing 38-478] Restoring timing data from binary archive.
INFO: [Timing 38-479] Binary timing data restore complete.
INFO: [Project 1-856] Restoring constraints from binary archive.
INFO: [Project 1-853] Binary constraint restore complete.
Reading XDEF placement.
Reading placer database...
Reading XDEF routing.
Read XDEF Files: Time (s): cpu = 00:00:00 ; elapsed = 00:00:00.246 . Memory (MB): peak = 1589.988 ; gain = 7.656
Restored from archive | CPU: 0.000000 secs | Memory: 0.000000 MB |
Finished XDEF File Restore: Time (s): cpu = 00:00:00 ; elapsed = 00:00:00.247 . Memory (MB): peak = 1589.988 ; gain = 7.656
Netlist sorting complete. Time (s): cpu = 00:00:00 ; elapsed = 00:00:00 . Memory (MB): peak = 1589.988 ; gain = 0.000
INFO: [Project 1-111] Unisim Transformation Summary:
No Unisim elements were transformed.

INFO: [Project 1-604] Checkpoint was created with Vivado v2023.1.1 (64-bit) build 3900603
WARNING: [Vivado 12-23575] Critical violations of the methodology design rules detected. Critical violations may contribute to timing failures or cause functional issues in hardware. Run report_methodology for more information.
open_checkpoint: Time (s): cpu = 00:00:36 ; elapsed = 00:00:40 . Memory (MB): peak = 1589.988 ; gain = 1305.262
Command: write_bitstream -force Superior.bit
Attempting to get a license for feature 'Implementation' and/or device 'xc7a35t'
INFO: [Common 17-349] Got license for feature 'Implementation' and/or device 'xc7a35t'
Running DRC as a precondition to command write_bitstream
INFO: [IP_Flow 19-234] Refreshing IP repositories
INFO: [IP_Flow 19-1704] No user IP repositories specified
INFO: [IP_Flow 19-2313] Loaded Vivado IP repository 'C:/Xilinx/Vivado/2023.1/data/ip'.
INFO: [DRC 23-27] Running DRC with 2 threads
WARNING: [DRC PDRC-153] Gated clock check: Net u6/LEDS_reg[3]_i_1_n_0 is a gated clock net sourced by a combinational pin u6/LEDS_reg[3]_i_1/O, cell u6/LEDS_reg[3]_i_1. This is not good design practice and will likely impact performance. For SLICE registers, for example, use the CE pin to control the loading of data.
INFO: [Vivado 12-3199] DRC finished with 0 Errors, 1 Warnings
INFO: [Vivado 12-3200] Please refer to the DRC report (report_drc) for more information.
INFO: [Designutils 20-2272] Running write_bitstream with 2 threads.
Loading data files...
Loading site data...
Loading route data...
Processing options...
Creating bitmap...
Creating bitstream...
Writing bitstream ./Superior.bit...
INFO: [Vivado 12-1842] Bitgen Completed Successfully.
INFO: [Project 1-1876] WebTalk data collection is mandatory when using a ULT device. To see the specific WebTalk data collected for your design, open the usage_statistics_webtalk.html or usage_statistics_webtalk.xml file in the implementation directory.
INFO: [Common 17-83] Releasing license: Implementation
22 Infos, 2 Warnings, 0 Critical Warnings and 0 Errors encountered.
write_bitstream completed successfully
write_bitstream: Time (s): cpu = 00:00:21 ; elapsed = 00:00:19 . Memory (MB): peak = 2155.488 ; gain = 565.500
INFO: [Common 17-206] Exiting Vivado at Tue Apr  1 15:35:24 2025...
