
*** Running vivado
    with args -log VGA.vdi -applog -m64 -product Vivado -messageDb vivado.pb -mode batch -source VGA.tcl -notrace


ECHO est  desactivado.
ECHO est  desactivado.

****** Vivado v2023.1.1 (64-bit)
  **** SW Build 3900603 on Fri Jun 16 19:31:24 MDT 2023
  **** IP Build 3900379 on Sat Jun 17 05:28:05 MDT 2023
  **** SharedData Build 3899622 on Fri Jun 16 03:34:24 MDT 2023
    ** Copyright 1986-2022 Xilinx, Inc. All Rights Reserved.
    ** Copyright 2022-2023 Advanced Micro Devices, Inc. All Rights Reserved.

source VGA.tcl -notrace
create_project: Time (s): cpu = 00:00:16 ; elapsed = 00:00:18 . Memory (MB): peak = 487.324 ; gain = 200.805
Command: link_design -top VGA -part xc7a35tcpg236-1
Design is defaulting to srcset: sources_1
Design is defaulting to constrset: constrs_1
INFO: [Device 21-403] Loading part xc7a35tcpg236-1
Netlist sorting complete. Time (s): cpu = 00:00:00 ; elapsed = 00:00:00.003 . Memory (MB): peak = 887.906 ; gain = 0.000
INFO: [Netlist 29-17] Analyzing 20 Unisim elements for replacement
INFO: [Netlist 29-28] Unisim Transformation completed in 0 CPU seconds
INFO: [Project 1-479] Netlist was created with Vivado 2023.1.1
INFO: [Project 1-570] Preparing netlist for logic optimization
Parsing XDC File [C:/Users/cerom/Downloads/Proyectos/Ejemplo_MoverCuadrados/Ejemplo_MoverCuadrados.srcs/constrs_1/new/pines.xdc]
Finished Parsing XDC File [C:/Users/cerom/Downloads/Proyectos/Ejemplo_MoverCuadrados/Ejemplo_MoverCuadrados.srcs/constrs_1/new/pines.xdc]
INFO: [Opt 31-138] Pushed 0 inverter(s) to 0 load pin(s).
Netlist sorting complete. Time (s): cpu = 00:00:00 ; elapsed = 00:00:00.001 . Memory (MB): peak = 1020.340 ; gain = 0.000
INFO: [Project 1-111] Unisim Transformation Summary:
No Unisim elements were transformed.

7 Infos, 0 Warnings, 0 Critical Warnings and 0 Errors encountered.
link_design completed successfully
link_design: Time (s): cpu = 00:00:11 ; elapsed = 00:00:14 . Memory (MB): peak = 1025.355 ; gain = 533.191
Command: opt_design
Attempting to get a license for feature 'Implementation' and/or device 'xc7a35t'
INFO: [Common 17-349] Got license for feature 'Implementation' and/or device 'xc7a35t'
Running DRC as a precondition to command opt_design

Starting DRC Task
INFO: [DRC 23-27] Running DRC with 2 threads
INFO: [Project 1-461] DRC finished with 0 Errors
INFO: [Project 1-462] Please refer to the DRC report (report_drc) for more information.

Time (s): cpu = 00:00:03 ; elapsed = 00:00:02 . Memory (MB): peak = 1044.297 ; gain = 18.941

Starting Cache Timing Information Task
INFO: [Timing 38-35] Done setting XDC timing constraints.
Ending Cache Timing Information Task | Checksum: 17b433e7e

Time (s): cpu = 00:00:13 ; elapsed = 00:00:14 . Memory (MB): peak = 1593.680 ; gain = 549.383

Starting Logic Optimization Task

Phase 1 Retarget
INFO: [Opt 31-1566] Pulled 1 inverters resulting in an inversion of 5 pins
INFO: [Opt 31-138] Pushed 0 inverter(s) to 0 load pin(s).
INFO: [Opt 31-49] Retargeted 0 cell(s).
Phase 1 Retarget | Checksum: 1e2346490

Time (s): cpu = 00:00:00 ; elapsed = 00:00:00.059 . Memory (MB): peak = 1931.820 ; gain = 0.000
INFO: [Opt 31-389] Phase Retarget created 0 cells and removed 1 cells

Phase 2 Constant propagation
INFO: [Opt 31-138] Pushed 0 inverter(s) to 0 load pin(s).
Phase 2 Constant propagation | Checksum: 1e2346490

Time (s): cpu = 00:00:00 ; elapsed = 00:00:00.064 . Memory (MB): peak = 1931.820 ; gain = 0.000
INFO: [Opt 31-389] Phase Constant propagation created 0 cells and removed 0 cells

Phase 3 Sweep
Phase 3 Sweep | Checksum: 1e7493ed9

Time (s): cpu = 00:00:00 ; elapsed = 00:00:00.078 . Memory (MB): peak = 1931.820 ; gain = 0.000
INFO: [Opt 31-389] Phase Sweep created 9 cells and removed 0 cells

Phase 4 BUFG optimization
Phase 4 BUFG optimization | Checksum: 1e7493ed9

Time (s): cpu = 00:00:01 ; elapsed = 00:00:00.153 . Memory (MB): peak = 1931.820 ; gain = 0.000
INFO: [Opt 31-662] Phase BUFG optimization created 0 cells of which 0 are BUFGs and removed 0 cells.

Phase 5 Shift Register Optimization
INFO: [Opt 31-1064] SRL Remap converted 0 SRLs to 0 registers and converted 0 registers of register chains to 0 SRLs
Phase 5 Shift Register Optimization | Checksum: 1b0735876

Time (s): cpu = 00:00:01 ; elapsed = 00:00:00.178 . Memory (MB): peak = 1931.820 ; gain = 0.000
INFO: [Opt 31-389] Phase Shift Register Optimization created 0 cells and removed 0 cells

Phase 6 Post Processing Netlist
Phase 6 Post Processing Netlist | Checksum: 1e38ff9fe

Time (s): cpu = 00:00:01 ; elapsed = 00:00:00.183 . Memory (MB): peak = 1931.820 ; gain = 0.000
INFO: [Opt 31-389] Phase Post Processing Netlist created 0 cells and removed 0 cells
Opt_design Change Summary
=========================


-------------------------------------------------------------------------------------------------------------------------
|  Phase                        |  #Cells created  |  #Cells Removed  |  #Constrained objects preventing optimizations  |
-------------------------------------------------------------------------------------------------------------------------
|  Retarget                     |               0  |               1  |                                              0  |
|  Constant propagation         |               0  |               0  |                                              0  |
|  Sweep                        |               9  |               0  |                                              0  |
|  BUFG optimization            |               0  |               0  |                                              0  |
|  Shift Register Optimization  |               0  |               0  |                                              0  |
|  Post Processing Netlist      |               0  |               0  |                                              0  |
-------------------------------------------------------------------------------------------------------------------------



Starting Connectivity Check Task

Time (s): cpu = 00:00:00 ; elapsed = 00:00:00.001 . Memory (MB): peak = 1931.820 ; gain = 0.000
Ending Logic Optimization Task | Checksum: 1293ff659

Time (s): cpu = 00:00:01 ; elapsed = 00:00:00.190 . Memory (MB): peak = 1931.820 ; gain = 0.000

Starting Power Optimization Task
INFO: [Pwropt 34-132] Skipping clock gating for clocks with a period < 2.00 ns.
Ending Power Optimization Task | Checksum: 1293ff659

Time (s): cpu = 00:00:00 ; elapsed = 00:00:00.021 . Memory (MB): peak = 1931.820 ; gain = 0.000

Starting Final Cleanup Task
Ending Final Cleanup Task | Checksum: 1293ff659

Time (s): cpu = 00:00:00 ; elapsed = 00:00:00.001 . Memory (MB): peak = 1931.820 ; gain = 0.000

Starting Netlist Obfuscation Task
Netlist sorting complete. Time (s): cpu = 00:00:00 ; elapsed = 00:00:00.001 . Memory (MB): peak = 1931.820 ; gain = 0.000
Ending Netlist Obfuscation Task | Checksum: 1293ff659

Time (s): cpu = 00:00:00 ; elapsed = 00:00:00.001 . Memory (MB): peak = 1931.820 ; gain = 0.000
INFO: [Common 17-83] Releasing license: Implementation
25 Infos, 0 Warnings, 0 Critical Warnings and 0 Errors encountered.
opt_design completed successfully
opt_design: Time (s): cpu = 00:00:22 ; elapsed = 00:00:22 . Memory (MB): peak = 1931.820 ; gain = 906.465
INFO: [runtcl-4] Executing : report_drc -file VGA_drc_opted.rpt -pb VGA_drc_opted.pb -rpx VGA_drc_opted.rpx
Command: report_drc -file VGA_drc_opted.rpt -pb VGA_drc_opted.pb -rpx VGA_drc_opted.rpx
INFO: [IP_Flow 19-234] Refreshing IP repositories
INFO: [IP_Flow 19-1704] No user IP repositories specified
INFO: [IP_Flow 19-2313] Loaded Vivado IP repository 'C:/Xilinx/Vivado/2023.1/data/ip'.
INFO: [DRC 23-27] Running DRC with 2 threads
INFO: [Vivado_Tcl 2-168] The results of DRC are in file C:/Users/cerom/Downloads/Proyectos/Ejemplo_MoverCuadrados/Ejemplo_MoverCuadrados.runs/impl_1/VGA_drc_opted.rpt.
report_drc completed successfully
INFO: [Timing 38-480] Writing timing data to binary archive.
Writing XDEF routing.
Writing XDEF routing logical nets.
Writing XDEF routing special nets.
Write XDEF Complete: Time (s): cpu = 00:00:00 ; elapsed = 00:00:00.039 . Memory (MB): peak = 1931.820 ; gain = 0.000
INFO: [Common 17-1381] The checkpoint 'C:/Users/cerom/Downloads/Proyectos/Ejemplo_MoverCuadrados/Ejemplo_MoverCuadrados.runs/impl_1/VGA_opt.dcp' has been generated.
Command: place_design
Attempting to get a license for feature 'Implementation' and/or device 'xc7a35t'
INFO: [Common 17-349] Got license for feature 'Implementation' and/or device 'xc7a35t'
INFO: [DRC 23-27] Running DRC with 2 threads
INFO: [Vivado_Tcl 4-198] DRC finished with 0 Errors
INFO: [Vivado_Tcl 4-199] Please refer to the DRC report (report_drc) for more information.
Running DRC as a precondition to command place_design
INFO: [DRC 23-27] Running DRC with 2 threads
INFO: [Vivado_Tcl 4-198] DRC finished with 0 Errors
INFO: [Vivado_Tcl 4-199] Please refer to the DRC report (report_drc) for more information.

Starting Placer Task
INFO: [Place 30-611] Multithreading enabled for place_design using a maximum of 2 CPUs

Phase 1 Placer Initialization

Phase 1.1 Placer Initialization Netlist Sorting
Netlist sorting complete. Time (s): cpu = 00:00:00 ; elapsed = 00:00:00 . Memory (MB): peak = 1931.820 ; gain = 0.000
Phase 1.1 Placer Initialization Netlist Sorting | Checksum: faafa9b7

Time (s): cpu = 00:00:00 ; elapsed = 00:00:00.014 . Memory (MB): peak = 1931.820 ; gain = 0.000
Netlist sorting complete. Time (s): cpu = 00:00:00 ; elapsed = 00:00:00 . Memory (MB): peak = 1931.820 ; gain = 0.000

Phase 1.2 IO Placement/ Clock Placement/ Build Placer Device
INFO: [Timing 38-35] Done setting XDC timing constraints.
Phase 1.2 IO Placement/ Clock Placement/ Build Placer Device | Checksum: a0d3e4d2

Time (s): cpu = 00:00:01 ; elapsed = 00:00:00.547 . Memory (MB): peak = 1931.820 ; gain = 0.000

Phase 1.3 Build Placer Netlist Model
Phase 1.3 Build Placer Netlist Model | Checksum: c0901494

Time (s): cpu = 00:00:01 ; elapsed = 00:00:00.778 . Memory (MB): peak = 1931.820 ; gain = 0.000

Phase 1.4 Constrain Clocks/Macros
Phase 1.4 Constrain Clocks/Macros | Checksum: c0901494

Time (s): cpu = 00:00:01 ; elapsed = 00:00:00.782 . Memory (MB): peak = 1931.820 ; gain = 0.000
Phase 1 Placer Initialization | Checksum: c0901494

Time (s): cpu = 00:00:01 ; elapsed = 00:00:00.795 . Memory (MB): peak = 1931.820 ; gain = 0.000

Phase 2 Global Placement

Phase 2.1 Floorplanning
Phase 2.1 Floorplanning | Checksum: d514c374

Time (s): cpu = 00:00:01 ; elapsed = 00:00:00.961 . Memory (MB): peak = 1931.820 ; gain = 0.000

Phase 2.2 Update Timing before SLR Path Opt
Phase 2.2 Update Timing before SLR Path Opt | Checksum: b767f41c

Time (s): cpu = 00:00:01 ; elapsed = 00:00:01 . Memory (MB): peak = 1931.820 ; gain = 0.000

Phase 2.3 Post-Processing in Floorplanning
Phase 2.3 Post-Processing in Floorplanning | Checksum: b767f41c

Time (s): cpu = 00:00:01 ; elapsed = 00:00:01 . Memory (MB): peak = 1931.820 ; gain = 0.000

Phase 2.4 Global Placement Core

Phase 2.4.1 UpdateTiming Before Physical Synthesis
Phase 2.4.1 UpdateTiming Before Physical Synthesis | Checksum: 164e5dc7f

Time (s): cpu = 00:00:04 ; elapsed = 00:00:04 . Memory (MB): peak = 1931.820 ; gain = 0.000

Phase 2.4.2 Physical Synthesis In Placer
INFO: [Physopt 32-1035] Found 0 LUTNM shape to break, 6 LUT instances to create LUTNM shape
INFO: [Physopt 32-1044] Break lutnm for timing: one critical 0, two critical 0, total 0, new lutff created 0
INFO: [Physopt 32-1138] End 1 Pass. Optimized 3 nets or LUTs. Breaked 0 LUT, combined 3 existing LUTs and moved 0 existing LUT
INFO: [Physopt 32-65] No nets found for high-fanout optimization.
INFO: [Physopt 32-232] Optimized 0 net. Created 0 new instance.
INFO: [Physopt 32-775] End 1 Pass. Optimized 0 net or cell. Created 0 new cell, deleted 0 existing cell and moved 0 existing cell
INFO: [Physopt 32-670] No setup violation found.  DSP Register Optimization was not performed.
INFO: [Physopt 32-670] No setup violation found.  Shift Register to Pipeline Optimization was not performed.
INFO: [Physopt 32-670] No setup violation found.  Shift Register Optimization was not performed.
INFO: [Physopt 32-670] No setup violation found.  BRAM Register Optimization was not performed.
INFO: [Physopt 32-670] No setup violation found.  URAM Register Optimization was not performed.
INFO: [Physopt 32-949] No candidate nets found for dynamic/static region interface net replication
INFO: [Physopt 32-775] End 1 Pass. Optimized 0 net or cell. Created 0 new cell, deleted 0 existing cell and moved 0 existing cell
Netlist sorting complete. Time (s): cpu = 00:00:00 ; elapsed = 00:00:00 . Memory (MB): peak = 1931.820 ; gain = 0.000

Summary of Physical Synthesis Optimizations
============================================


-----------------------------------------------------------------------------------------------------------------------------------------------------------
|  Optimization                                     |  Added Cells  |  Removed Cells  |  Optimized Cells/Nets  |  Dont Touch  |  Iterations  |  Elapsed   |
-----------------------------------------------------------------------------------------------------------------------------------------------------------
|  LUT Combining                                    |            0  |              3  |                     3  |           0  |           1  |  00:00:00  |
|  Retime                                           |            0  |              0  |                     0  |           0  |           1  |  00:00:00  |
|  Very High Fanout                                 |            0  |              0  |                     0  |           0  |           1  |  00:00:00  |
|  DSP Register                                     |            0  |              0  |                     0  |           0  |           0  |  00:00:00  |
|  Shift Register to Pipeline                       |            0  |              0  |                     0  |           0  |           0  |  00:00:00  |
|  Shift Register                                   |            0  |              0  |                     0  |           0  |           0  |  00:00:00  |
|  BRAM Register                                    |            0  |              0  |                     0  |           0  |           0  |  00:00:00  |
|  URAM Register                                    |            0  |              0  |                     0  |           0  |           0  |  00:00:00  |
|  Dynamic/Static Region Interface Net Replication  |            0  |              0  |                     0  |           0  |           1  |  00:00:00  |
|  Total                                            |            0  |              3  |                     3  |           0  |           4  |  00:00:00  |
-----------------------------------------------------------------------------------------------------------------------------------------------------------


Phase 2.4.2 Physical Synthesis In Placer | Checksum: 1700a561a

Time (s): cpu = 00:00:04 ; elapsed = 00:00:04 . Memory (MB): peak = 1931.820 ; gain = 0.000
Phase 2.4 Global Placement Core | Checksum: 178afda91

Time (s): cpu = 00:00:04 ; elapsed = 00:00:04 . Memory (MB): peak = 1931.820 ; gain = 0.000
Phase 2 Global Placement | Checksum: 178afda91

Time (s): cpu = 00:00:04 ; elapsed = 00:00:04 . Memory (MB): peak = 1931.820 ; gain = 0.000

Phase 3 Detail Placement

Phase 3.1 Commit Multi Column Macros
Phase 3.1 Commit Multi Column Macros | Checksum: 1685e3768

Time (s): cpu = 00:00:05 ; elapsed = 00:00:04 . Memory (MB): peak = 1931.820 ; gain = 0.000

Phase 3.2 Commit Most Macros & LUTRAMs
Phase 3.2 Commit Most Macros & LUTRAMs | Checksum: 281181c2b

Time (s): cpu = 00:00:05 ; elapsed = 00:00:04 . Memory (MB): peak = 1931.820 ; gain = 0.000

Phase 3.3 Area Swap Optimization
Phase 3.3 Area Swap Optimization | Checksum: 26ec11b0f

Time (s): cpu = 00:00:05 ; elapsed = 00:00:04 . Memory (MB): peak = 1931.820 ; gain = 0.000

Phase 3.4 Pipeline Register Optimization
Phase 3.4 Pipeline Register Optimization | Checksum: 24c25004d

Time (s): cpu = 00:00:05 ; elapsed = 00:00:04 . Memory (MB): peak = 1931.820 ; gain = 0.000

Phase 3.5 Small Shape Detail Placement
Phase 3.5 Small Shape Detail Placement | Checksum: 1e3633c63

Time (s): cpu = 00:00:05 ; elapsed = 00:00:04 . Memory (MB): peak = 1931.820 ; gain = 0.000

Phase 3.6 Re-assign LUT pins
Phase 3.6 Re-assign LUT pins | Checksum: 1d221ac26

Time (s): cpu = 00:00:05 ; elapsed = 00:00:04 . Memory (MB): peak = 1931.820 ; gain = 0.000

Phase 3.7 Pipeline Register Optimization
Phase 3.7 Pipeline Register Optimization | Checksum: 1b1adb4e4

Time (s): cpu = 00:00:05 ; elapsed = 00:00:04 . Memory (MB): peak = 1931.820 ; gain = 0.000
Phase 3 Detail Placement | Checksum: 1b1adb4e4

Time (s): cpu = 00:00:05 ; elapsed = 00:00:04 . Memory (MB): peak = 1931.820 ; gain = 0.000

Phase 4 Post Placement Optimization and Clean-Up

Phase 4.1 Post Commit Optimization
INFO: [Timing 38-35] Done setting XDC timing constraints.

Phase 4.1.1 Post Placement Optimization
Post Placement Optimization Initialization | Checksum: 1f34ee701

Phase 4.1.1.1 BUFG Insertion

Starting Physical Synthesis Task

Phase 1 Physical Synthesis Initialization
INFO: [Physopt 32-721] Multithreading enabled for phys_opt_design using a maximum of 2 CPUs
INFO: [Physopt 32-619] Estimated Timing Summary | WNS=8.819 | TNS=0.000 |
Phase 1 Physical Synthesis Initialization | Checksum: 16289bf6b

Time (s): cpu = 00:00:00 ; elapsed = 00:00:00.019 . Memory (MB): peak = 1931.820 ; gain = 0.000
INFO: [Place 46-56] BUFG insertion identified 0 candidate nets. Inserted BUFG: 0, Replicated BUFG Driver: 0, Skipped due to Placement/Routing Conflicts: 0, Skipped due to Timing Degradation: 0, Skipped due to netlist editing failed: 0.
Ending Physical Synthesis Task | Checksum: 16289bf6b

Time (s): cpu = 00:00:00 ; elapsed = 00:00:00.023 . Memory (MB): peak = 1931.820 ; gain = 0.000
Phase 4.1.1.1 BUFG Insertion | Checksum: 1f34ee701

Time (s): cpu = 00:00:05 ; elapsed = 00:00:05 . Memory (MB): peak = 1931.820 ; gain = 0.000

Phase 4.1.1.2 Post Placement Timing Optimization
INFO: [Place 30-746] Post Placement Timing Summary WNS=8.819. For the most accurate timing information please run report_timing.
Phase 4.1.1.2 Post Placement Timing Optimization | Checksum: 200334fa9

Time (s): cpu = 00:00:05 ; elapsed = 00:00:05 . Memory (MB): peak = 1931.820 ; gain = 0.000

Time (s): cpu = 00:00:05 ; elapsed = 00:00:05 . Memory (MB): peak = 1931.820 ; gain = 0.000
Phase 4.1 Post Commit Optimization | Checksum: 200334fa9

Time (s): cpu = 00:00:05 ; elapsed = 00:00:05 . Memory (MB): peak = 1931.820 ; gain = 0.000

Phase 4.2 Post Placement Cleanup
Phase 4.2 Post Placement Cleanup | Checksum: 200334fa9

Time (s): cpu = 00:00:05 ; elapsed = 00:00:05 . Memory (MB): peak = 1931.820 ; gain = 0.000

Phase 4.3 Placer Reporting

Phase 4.3.1 Print Estimated Congestion
INFO: [Place 30-612] Post-Placement Estimated Congestion 
 ____________________________________________________
|           | Global Congestion | Short Congestion  |
| Direction | Region Size       | Region Size       |
|___________|___________________|___________________|
|      North|                1x1|                1x1|
|___________|___________________|___________________|
|      South|                1x1|                1x1|
|___________|___________________|___________________|
|       East|                1x1|                1x1|
|___________|___________________|___________________|
|       West|                1x1|                1x1|
|___________|___________________|___________________|

Phase 4.3.1 Print Estimated Congestion | Checksum: 200334fa9

Time (s): cpu = 00:00:05 ; elapsed = 00:00:05 . Memory (MB): peak = 1931.820 ; gain = 0.000
Phase 4.3 Placer Reporting | Checksum: 200334fa9

Time (s): cpu = 00:00:05 ; elapsed = 00:00:05 . Memory (MB): peak = 1931.820 ; gain = 0.000

Phase 4.4 Final Placement Cleanup
Netlist sorting complete. Time (s): cpu = 00:00:00 ; elapsed = 00:00:00.001 . Memory (MB): peak = 1931.820 ; gain = 0.000

Time (s): cpu = 00:00:05 ; elapsed = 00:00:05 . Memory (MB): peak = 1931.820 ; gain = 0.000
Phase 4 Post Placement Optimization and Clean-Up | Checksum: 17d1506f5

Time (s): cpu = 00:00:05 ; elapsed = 00:00:05 . Memory (MB): peak = 1931.820 ; gain = 0.000
Ending Placer Task | Checksum: b0db2a15

Time (s): cpu = 00:00:05 ; elapsed = 00:00:05 . Memory (MB): peak = 1931.820 ; gain = 0.000
INFO: [Common 17-83] Releasing license: Implementation
62 Infos, 0 Warnings, 0 Critical Warnings and 0 Errors encountered.
place_design completed successfully
place_design: Time (s): cpu = 00:00:06 ; elapsed = 00:00:06 . Memory (MB): peak = 1931.820 ; gain = 0.000
INFO: [runtcl-4] Executing : report_io -file VGA_io_placed.rpt
report_io: Time (s): cpu = 00:00:00 ; elapsed = 00:00:00.054 . Memory (MB): peak = 1931.820 ; gain = 0.000
INFO: [runtcl-4] Executing : report_utilization -file VGA_utilization_placed.rpt -pb VGA_utilization_placed.pb
INFO: [runtcl-4] Executing : report_control_sets -verbose -file VGA_control_sets_placed.rpt
report_control_sets: Time (s): cpu = 00:00:00 ; elapsed = 00:00:00.003 . Memory (MB): peak = 1931.820 ; gain = 0.000
INFO: [Timing 38-480] Writing timing data to binary archive.
Writing XDEF routing.
Writing XDEF routing logical nets.
Writing XDEF routing special nets.
Write XDEF Complete: Time (s): cpu = 00:00:00 ; elapsed = 00:00:00.067 . Memory (MB): peak = 1931.820 ; gain = 0.000
INFO: [Common 17-1381] The checkpoint 'C:/Users/cerom/Downloads/Proyectos/Ejemplo_MoverCuadrados/Ejemplo_MoverCuadrados.runs/impl_1/VGA_placed.dcp' has been generated.
Command: route_design
Attempting to get a license for feature 'Implementation' and/or device 'xc7a35t'
INFO: [Common 17-349] Got license for feature 'Implementation' and/or device 'xc7a35t'
Running DRC as a precondition to command route_design
INFO: [DRC 23-27] Running DRC with 2 threads
INFO: [Vivado_Tcl 4-198] DRC finished with 0 Errors
INFO: [Vivado_Tcl 4-199] Please refer to the DRC report (report_drc) for more information.


Starting Routing Task
INFO: [Route 35-254] Multithreading enabled for route_design using a maximum of 2 CPUs

Phase 1 Build RT Design
Checksum: PlaceDB: 97c4e5e4 ConstDB: 0 ShapeSum: 19164431 RouteDB: 0
Post Restoration Checksum: NetGraph: 7785bf07 | NumContArr: be09fee7 | Constraints: 190a55ad | Timing: 0
Phase 1 Build RT Design | Checksum: 14e9a139b

Time (s): cpu = 00:00:29 ; elapsed = 00:00:27 . Memory (MB): peak = 2029.336 ; gain = 97.516

Phase 2 Router Initialization

Phase 2.1 Fix Topology Constraints
Phase 2.1 Fix Topology Constraints | Checksum: 14e9a139b

Time (s): cpu = 00:00:29 ; elapsed = 00:00:27 . Memory (MB): peak = 2029.336 ; gain = 97.516

Phase 2.2 Pre Route Cleanup
Phase 2.2 Pre Route Cleanup | Checksum: 14e9a139b

Time (s): cpu = 00:00:29 ; elapsed = 00:00:27 . Memory (MB): peak = 2029.336 ; gain = 97.516
 Number of Nodes with overlaps = 0

Phase 2.3 Update Timing
Phase 2.3 Update Timing | Checksum: 151640f76

Time (s): cpu = 00:00:30 ; elapsed = 00:00:27 . Memory (MB): peak = 2034.574 ; gain = 102.754
INFO: [Route 35-416] Intermediate Timing Summary | WNS=8.724  | TNS=0.000  | WHS=-0.071 | THS=-0.071 |


Router Utilization Summary
  Global Vertical Routing Utilization    = 0 %
  Global Horizontal Routing Utilization  = 0 %
  Routable Net Status*
  *Does not include unroutable nets such as driverless and loadless.
  Run report_route_status for detailed report.
  Number of Failed Nets               = 152
    (Failed Nets is the sum of unrouted and partially routed nets)
  Number of Unrouted Nets             = 152
  Number of Partially Routed Nets     = 0
  Number of Node Overlaps             = 0

Phase 2 Router Initialization | Checksum: 1927be642

Time (s): cpu = 00:00:30 ; elapsed = 00:00:28 . Memory (MB): peak = 2035.980 ; gain = 104.160

Phase 3 Initial Routing

Phase 3.1 Global Routing
Phase 3.1 Global Routing | Checksum: 1927be642

Time (s): cpu = 00:00:30 ; elapsed = 00:00:28 . Memory (MB): peak = 2035.980 ; gain = 104.160
Phase 3 Initial Routing | Checksum: bddc3295

Time (s): cpu = 00:00:30 ; elapsed = 00:00:28 . Memory (MB): peak = 2035.980 ; gain = 104.160

Phase 4 Rip-up And Reroute

Phase 4.1 Global Iteration 0
 Number of Nodes with overlaps = 13
 Number of Nodes with overlaps = 0
INFO: [Route 35-416] Intermediate Timing Summary | WNS=8.772  | TNS=0.000  | WHS=N/A    | THS=N/A    |

Phase 4.1 Global Iteration 0 | Checksum: 1613ed2d4

Time (s): cpu = 00:00:30 ; elapsed = 00:00:28 . Memory (MB): peak = 2035.980 ; gain = 104.160
Phase 4 Rip-up And Reroute | Checksum: 1613ed2d4

Time (s): cpu = 00:00:30 ; elapsed = 00:00:28 . Memory (MB): peak = 2035.980 ; gain = 104.160

Phase 5 Delay and Skew Optimization

Phase 5.1 Delay CleanUp
Phase 5.1 Delay CleanUp | Checksum: 1613ed2d4

Time (s): cpu = 00:00:30 ; elapsed = 00:00:28 . Memory (MB): peak = 2035.980 ; gain = 104.160

Phase 5.2 Clock Skew Optimization
Phase 5.2 Clock Skew Optimization | Checksum: 1613ed2d4

Time (s): cpu = 00:00:30 ; elapsed = 00:00:28 . Memory (MB): peak = 2035.980 ; gain = 104.160
Phase 5 Delay and Skew Optimization | Checksum: 1613ed2d4

Time (s): cpu = 00:00:30 ; elapsed = 00:00:28 . Memory (MB): peak = 2035.980 ; gain = 104.160

Phase 6 Post Hold Fix

Phase 6.1 Hold Fix Iter

Phase 6.1.1 Update Timing
Phase 6.1.1 Update Timing | Checksum: 176106c91

Time (s): cpu = 00:00:30 ; elapsed = 00:00:28 . Memory (MB): peak = 2035.980 ; gain = 104.160
INFO: [Route 35-416] Intermediate Timing Summary | WNS=8.866  | TNS=0.000  | WHS=0.182  | THS=0.000  |

Phase 6.1 Hold Fix Iter | Checksum: 176106c91

Time (s): cpu = 00:00:30 ; elapsed = 00:00:28 . Memory (MB): peak = 2035.980 ; gain = 104.160
Phase 6 Post Hold Fix | Checksum: 176106c91

Time (s): cpu = 00:00:30 ; elapsed = 00:00:28 . Memory (MB): peak = 2035.980 ; gain = 104.160

Phase 7 Route finalize

Router Utilization Summary
  Global Vertical Routing Utilization    = 0.0419357 %
  Global Horizontal Routing Utilization  = 0.0395627 %
  Routable Net Status*
  *Does not include unroutable nets such as driverless and loadless.
  Run report_route_status for detailed report.
  Number of Failed Nets               = 0
    (Failed Nets is the sum of unrouted and partially routed nets)
  Number of Unrouted Nets             = 0
  Number of Partially Routed Nets     = 0
  Number of Node Overlaps             = 0

Phase 7 Route finalize | Checksum: 176106c91

Time (s): cpu = 00:00:30 ; elapsed = 00:00:28 . Memory (MB): peak = 2035.980 ; gain = 104.160

Phase 8 Verifying routed nets

 Verification completed successfully
Phase 8 Verifying routed nets | Checksum: 176106c91

Time (s): cpu = 00:00:30 ; elapsed = 00:00:28 . Memory (MB): peak = 2036.746 ; gain = 104.926

Phase 9 Depositing Routes
Phase 9 Depositing Routes | Checksum: 14ac764c4

Time (s): cpu = 00:00:30 ; elapsed = 00:00:28 . Memory (MB): peak = 2036.746 ; gain = 104.926

Phase 10 Post Router Timing
INFO: [Route 35-57] Estimated Timing Summary | WNS=8.866  | TNS=0.000  | WHS=0.182  | THS=0.000  |

INFO: [Route 35-327] The final timing numbers are based on the router estimated timing analysis. For a complete and accurate timing signoff, please run report_timing_summary.
Phase 10 Post Router Timing | Checksum: 14ac764c4

Time (s): cpu = 00:00:30 ; elapsed = 00:00:28 . Memory (MB): peak = 2036.746 ; gain = 104.926
INFO: [Route 35-16] Router Completed Successfully

Phase 11 Post-Route Event Processing
Phase 11 Post-Route Event Processing | Checksum: ae6505ba

Time (s): cpu = 00:00:30 ; elapsed = 00:00:28 . Memory (MB): peak = 2036.746 ; gain = 104.926

Time (s): cpu = 00:00:30 ; elapsed = 00:00:28 . Memory (MB): peak = 2036.746 ; gain = 104.926

Routing Is Done.
INFO: [Common 17-83] Releasing license: Implementation
79 Infos, 0 Warnings, 0 Critical Warnings and 0 Errors encountered.
route_design completed successfully
route_design: Time (s): cpu = 00:00:31 ; elapsed = 00:00:29 . Memory (MB): peak = 2036.746 ; gain = 104.926
INFO: [runtcl-4] Executing : report_drc -file VGA_drc_routed.rpt -pb VGA_drc_routed.pb -rpx VGA_drc_routed.rpx
Command: report_drc -file VGA_drc_routed.rpt -pb VGA_drc_routed.pb -rpx VGA_drc_routed.rpx
INFO: [IP_Flow 19-1839] IP Catalog is up to date.
INFO: [DRC 23-27] Running DRC with 2 threads
INFO: [Vivado_Tcl 2-168] The results of DRC are in file C:/Users/cerom/Downloads/Proyectos/Ejemplo_MoverCuadrados/Ejemplo_MoverCuadrados.runs/impl_1/VGA_drc_routed.rpt.
report_drc completed successfully
INFO: [runtcl-4] Executing : report_methodology -file VGA_methodology_drc_routed.rpt -pb VGA_methodology_drc_routed.pb -rpx VGA_methodology_drc_routed.rpx
Command: report_methodology -file VGA_methodology_drc_routed.rpt -pb VGA_methodology_drc_routed.pb -rpx VGA_methodology_drc_routed.rpx
INFO: [Timing 38-35] Done setting XDC timing constraints.
INFO: [DRC 23-133] Running Methodology with 2 threads
INFO: [Vivado_Tcl 2-1520] The results of Report Methodology are in file C:/Users/cerom/Downloads/Proyectos/Ejemplo_MoverCuadrados/Ejemplo_MoverCuadrados.runs/impl_1/VGA_methodology_drc_routed.rpt.
report_methodology completed successfully
INFO: [runtcl-4] Executing : report_power -file VGA_power_routed.rpt -pb VGA_power_summary_routed.pb -rpx VGA_power_routed.rpx
Command: report_power -file VGA_power_routed.rpt -pb VGA_power_summary_routed.pb -rpx VGA_power_routed.rpx
INFO: [Timing 38-35] Done setting XDC timing constraints.
Running Vector-less Activity Propagation...

Finished Running Vector-less Activity Propagation
89 Infos, 0 Warnings, 0 Critical Warnings and 0 Errors encountered.
report_power completed successfully
INFO: [runtcl-4] Executing : report_route_status -file VGA_route_status.rpt -pb VGA_route_status.pb
INFO: [runtcl-4] Executing : report_timing_summary -max_paths 10 -file VGA_timing_summary_routed.rpt -pb VGA_timing_summary_routed.pb -rpx VGA_timing_summary_routed.rpx -warn_on_violation 
INFO: [Timing 38-91] UpdateTimingParams: Speed grade: -1, Delay Type: min_max.
INFO: [Timing 38-191] Multithreading enabled for timing update using a maximum of 2 CPUs
INFO: [runtcl-4] Executing : report_incremental_reuse -file VGA_incremental_reuse_routed.rpt
INFO: [Vivado_Tcl 4-1062] Incremental flow is disabled. No incremental reuse Info to report.
INFO: [runtcl-4] Executing : report_clock_utilization -file VGA_clock_utilization_routed.rpt
INFO: [runtcl-4] Executing : report_bus_skew -warn_on_violation -file VGA_bus_skew_routed.rpt -pb VGA_bus_skew_routed.pb -rpx VGA_bus_skew_routed.rpx
INFO: [Timing 38-91] UpdateTimingParams: Speed grade: -1, Delay Type: min_max.
INFO: [Timing 38-191] Multithreading enabled for timing update using a maximum of 2 CPUs
INFO: [Timing 38-480] Writing timing data to binary archive.
Writing XDEF routing.
Writing XDEF routing logical nets.
Writing XDEF routing special nets.
Write XDEF Complete: Time (s): cpu = 00:00:00 ; elapsed = 00:00:00.073 . Memory (MB): peak = 2076.910 ; gain = 0.000
INFO: [Common 17-1381] The checkpoint 'C:/Users/cerom/Downloads/Proyectos/Ejemplo_MoverCuadrados/Ejemplo_MoverCuadrados.runs/impl_1/VGA_routed.dcp' has been generated.
Command: write_bitstream -force VGA.bit
Attempting to get a license for feature 'Implementation' and/or device 'xc7a35t'
INFO: [Common 17-349] Got license for feature 'Implementation' and/or device 'xc7a35t'
Running DRC as a precondition to command write_bitstream
INFO: [IP_Flow 19-1839] IP Catalog is up to date.
INFO: [DRC 23-27] Running DRC with 2 threads
INFO: [Vivado 12-3199] DRC finished with 0 Errors
INFO: [Vivado 12-3200] Please refer to the DRC report (report_drc) for more information.
INFO: [Designutils 20-2272] Running write_bitstream with 2 threads.
Loading data files...
Loading site data...
Loading route data...
Processing options...
Creating bitmap...
Creating bitstream...
Writing bitstream ./VGA.bit...
INFO: [Vivado 12-1842] Bitgen Completed Successfully.
INFO: [Project 1-1876] WebTalk data collection is mandatory when using a ULT device. To see the specific WebTalk data collected for your design, open the usage_statistics_webtalk.html or usage_statistics_webtalk.xml file in the implementation directory.
INFO: [Common 17-83] Releasing license: Implementation
14 Infos, 0 Warnings, 0 Critical Warnings and 0 Errors encountered.
write_bitstream completed successfully
write_bitstream: Time (s): cpu = 00:00:15 ; elapsed = 00:00:14 . Memory (MB): peak = 2567.340 ; gain = 490.430
INFO: [Common 17-206] Exiting Vivado at Fri Mar 14 08:42:50 2025...
